{"meta": {"format": 2, "version": "7.5.0", "timestamp": "2024-04-24T06:06:04.971742", "branch_coverage": false, "show_contexts": false}, "files": {"arches/__init__.py": {"executed_lines": [1, 2, 4, 7, 9, 13, 15], "summary": {"covered_lines": 7, "num_statements": 9, "percent_covered": 77.77777777777777, "percent_covered_display": "78", "missing_lines": 2, "excluded_lines": 0}, "missing_lines": [10, 11], "excluded_lines": []}, "arches/admin.py": {"executed_lines": [1, 19, 20, 21, 24, 25, 28, 46], "summary": {"covered_lines": 7, "num_statements": 7, "percent_covered": 100.0, "percent_covered_display": "100", "missing_lines": 0, "excluded_lines": 0}, "missing_lines": [], "excluded_lines": []}, "arches/app/__init__.py": {"executed_lines": [0], "summary": {"covered_lines": 0, "num_statements": 0, "percent_covered": 100.0, "percent_covered_display": "100", "missing_lines": 0, "excluded_lines": 0}, "missing_lines": [], "excluded_lines": []}, "arches/app/const.py": {"executed_lines": [1, 4, 9, 10, 11, 12, 14, 18, 19, 20, 21, 22], "summary": {"covered_lines": 12, "num_statements": 13, "percent_covered": 92.3076923076923, "percent_covered_display": "92", "missing_lines": 1, "excluded_lines": 0}, "missing_lines": [15], "excluded_lines": []}, "arches/app/datatypes/__init__.py": {"executed_lines": [0], "summary": {"covered_lines": 0, "num_statements": 0, "percent_covered": 100.0, "percent_covered_display": "100", "missing_lines": 0, "excluded_lines": 0}, "missing_lines": [], "excluded_lines": []}, "arches/app/datatypes/base.py": {"executed_lines": [1, 2, 3, 4, 5, 6, 7, 9, 12, 13, 14, 15, 17, 35, 36, 37, 42, 44, 49, 51, 55, 57, 60, 67, 74, 81, 87, 95, 99, 100, 102, 108, 109, 111, 112, 113, 181, 183, 189, 190, 191, 192, 196, 197, 207, 211, 213, 214, 216, 219, 223, 225, 232, 288, 293, 295, 301, 306, 308, 313, 315, 319, 321, 330, 332, 333, 335, 336, 337, 338, 340, 349, 350, 351, 353, 355, 357, 358, 360, 361, 363, 366, 368, 371, 372, 374, 379, 381, 391, 393, 398, 400, 405, 406, 408, 413, 414, 415, 416, 424, 426, 432, 443, 444, 445, 447, 452, 454, 458, 460, 464], "summary": {"covered_lines": 111, "num_statements": 154, "percent_covered": 72.07792207792208, "percent_covered_display": "72", "missing_lines": 43, "excluded_lines": 0}, "missing_lines": [33, 58, 65, 72, 79, 85, 93, 110, 114, 115, 116, 187, 193, 194, 195, 198, 199, 200, 201, 202, 203, 204, 217, 230, 237, 239, 240, 241, 242, 243, 245, 246, 247, 250, 251, 252, 253, 254, 286, 299, 364, 369, 430], "excluded_lines": []}, "arches/app/datatypes/concept_types.py": {"executed_lines": [1, 2, 3, 4, 5, 6, 7, 8, 9, 10, 11, 12, 13, 14, 15, 17, 18, 19, 20, 21, 22, 24, 25, 27, 29, 30, 31, 32, 33, 34, 36, 37, 38, 39, 40, 41, 42, 44, 45, 47, 48, 49, 52, 53, 54, 55, 56, 57, 58, 59, 61, 62, 63, 64, 65, 66, 67, 71, 72, 73, 75, 77, 79, 80, 81, 83, 84, 85, 86, 87, 88, 89, 90, 91, 92, 93, 94, 95, 99, 101, 102, 103, 104, 105, 106, 107, 108, 109, 110, 111, 112, 113, 116, 125, 127, 148, 171, 172, 173, 176, 177, 184, 185, 193, 194, 201, 203, 204, 205, 206, 207, 208, 209, 212, 213, 216, 218, 219, 220, 222, 225, 226, 227, 230, 232, 239, 240, 241, 242, 243, 244, 247, 248, 249, 250, 251, 253, 254, 255, 256, 257, 258, 259, 260, 261, 263, 266, 268, 269, 270, 272, 273, 274, 275, 278, 279, 280, 281, 284, 285, 286, 294, 295, 296, 297, 298, 301, 302, 303, 304, 326, 327, 330, 331, 332, 335, 336, 337, 338, 339, 340, 342, 362, 369, 378, 387, 388, 389, 390, 391, 392, 394, 395, 396, 397, 398, 399, 400, 401, 402, 404, 406, 407, 410, 412, 413, 415, 416], "summary": {"covered_lines": 208, "num_statements": 331, "percent_covered": 62.83987915407855, "percent_covered_display": "63", "missing_lines": 123, "excluded_lines": 0}, "missing_lines": [46, 50, 68, 69, 74, 76, 78, 97, 128, 129, 130, 131, 132, 133, 134, 135, 136, 137, 138, 139, 140, 141, 143, 145, 146, 149, 151, 153, 154, 155, 156, 158, 159, 160, 161, 162, 163, 164, 165, 167, 168, 178, 179, 180, 181, 182, 186, 187, 188, 189, 190, 191, 195, 196, 197, 198, 199, 200, 210, 214, 215, 223, 228, 233, 234, 235, 236, 237, 288, 289, 290, 292, 299, 305, 307, 309, 311, 312, 313, 314, 316, 317, 318, 320, 321, 324, 343, 344, 345, 346, 347, 348, 349, 350, 351, 352, 353, 355, 356, 357, 358, 359, 360, 363, 364, 365, 366, 367, 370, 371, 372, 373, 374, 375, 376, 379, 380, 381, 382, 383, 384, 385, 408], "excluded_lines": []}, "arches/app/datatypes/datatypes.py": {"executed_lines": [1, 2, 3, 4, 5, 6, 7, 8, 9, 10, 11, 12, 13, 14, 15, 17, 18, 20, 21, 22, 23, 24, 25, 26, 27, 28, 29, 30, 31, 32, 33, 47, 48, 49, 50, 51, 52, 53, 54, 55, 56, 57, 58, 59, 60, 61, 63, 64, 70, 71, 72, 74, 75, 77, 78, 80, 83, 84, 85, 87, 88, 89, 90, 91, 93, 94, 95, 96, 97, 98, 99, 100, 101, 102, 103, 104, 105, 106, 107, 110, 111, 112, 113, 114, 115, 116, 117, 118, 119, 120, 121, 122, 123, 125, 126, 127, 128, 129, 130, 131, 132, 133, 143, 151, 153, 154, 155, 157, 158, 159, 161, 163, 164, 166, 167, 168, 169, 172, 174, 175, 176, 177, 183, 185, 186, 187, 188, 189, 190, 197, 198, 200, 201, 202, 203, 204, 207, 209, 234, 273, 274, 276, 279, 280, 281, 282, 283, 284, 287, 289, 290, 291, 292, 293, 294, 295, 296, 300, 301, 302, 303, 304, 305, 306, 308, 309, 311, 312, 313, 314, 315, 317, 319, 320, 321, 322, 324, 325, 326, 327, 329, 330, 331, 332, 333, 335, 336, 337, 338, 339, 340, 341, 343, 351, 352, 354, 357, 358, 359, 361, 363, 364, 366, 370, 371, 373, 374, 375, 376, 378, 379, 380, 381, 383, 384, 385, 388, 389, 390, 391, 392, 393, 394, 395, 396, 397, 398, 400, 401, 402, 404, 413, 417, 425, 440, 443, 452, 462, 463, 464, 466, 467, 469, 470, 477, 479, 486, 498, 499, 500, 502, 506, 507, 509, 510, 512, 527, 528, 530, 533, 534, 539, 540, 541, 542, 544, 547, 548, 549, 553, 554, 555, 558, 559, 560, 561, 562, 563, 564, 565, 566, 567, 568, 570, 572, 589, 600, 601, 603, 614, 617, 618, 619, 620, 621, 623, 626, 629, 630, 631, 635, 636, 637, 640, 641, 642, 643, 644, 645, 652, 654, 655, 656, 657, 658, 659, 660, 661, 662, 663, 664, 665, 666, 668, 669, 670, 671, 673, 675, 676, 677, 681, 682, 685, 686, 688, 707, 708, 709, 710, 713, 715, 722, 723, 726, 728, 729, 730, 732, 733, 737, 756, 757, 758, 761, 762, 764, 767, 768, 769, 770, 771, 773, 776, 777, 778, 782, 783, 784, 785, 787, 799, 800, 801, 802, 804, 806, 807, 809, 819, 827, 828, 829, 835, 836, 837, 838, 841, 842, 843, 846, 851, 853, 854, 855, 860, 861, 863, 910, 911, 912, 915, 916, 917, 918, 919, 921, 922, 923, 924, 925, 943, 971, 972, 973, 974, 975, 981, 983, 988, 989, 990, 993, 994, 997, 998, 1005, 1006, 1007, 1008, 1009, 1010, 1011, 1012, 1013, 1014, 1015, 1016, 1017, 1018, 1030, 1032, 1033, 1034, 1035, 1036, 1038, 1044, 1045, 1046, 1047, 1048, 1049, 1050, 1051, 1055, 1064, 1065, 1066, 1067, 1069, 1070, 1084, 1086, 1087, 1089, 1091, 1092, 1095, 1096, 1097, 1099, 1100, 1103, 1105, 1114, 1484, 1493, 1494, 1495, 1501, 1503, 1504, 1517, 1519, 1522, 1534, 1547, 1554, 1555, 1556, 1557, 1559, 1567, 1568, 1569, 1570, 1573, 1577, 1579, 1580, 1583, 1584, 1586, 1596, 1597, 1598, 1599, 1601, 1602, 1619, 1624, 1635, 1646, 1648, 1649, 1650, 1651, 1653, 1654, 1655, 1656, 1657, 1664, 1665, 1666, 1667, 1668, 1670, 1672, 1681, 1686, 1687, 1741, 1742, 1743, 1744, 1745, 1748, 1749, 1750, 1751, 1752, 1753, 1754, 1755, 1756, 1757, 1758, 1760, 1770, 1771, 1772, 1773, 1774, 1775, 1776, 1779, 1780, 1781, 1782, 1783, 1784, 1785, 1786, 1787, 1801, 1803, 1804, 1805, 1806, 1807, 1808, 1809, 1811, 1813, 1814, 1815, 1816, 1817, 1818, 1819, 1820, 1821, 1826, 1827, 1828, 1830, 1836, 1839, 1842, 1859, 1931, 1935, 1938, 1939, 1950, 1951, 1952, 1953, 1955, 1956, 1957, 1958, 1961, 1962, 1963, 1964, 1967, 1972, 1973, 1974, 1975, 1976, 1977, 1978, 1979, 1980, 1983, 1984, 1985, 1987, 1989, 1990, 1992, 1993, 1994, 1995, 1996, 1997, 1998, 1999, 2000, 2003, 2004, 2005, 2006, 2007, 2008, 2009, 2010, 2011, 2012, 2014, 2019, 2021, 2022, 2023, 2024, 2025, 2026, 2027, 2028, 2031, 2033, 2034, 2035, 2036, 2037, 2038, 2039, 2040, 2042, 2043, 2044, 2046, 2047, 2053, 2055, 2062, 2076, 2091, 2094, 2095, 2096, 2097, 2098, 2099, 2100, 2107, 2109, 2114, 2115, 2117, 2124, 2125, 2126, 2127, 2128, 2132, 2133, 2135, 2147, 2148, 2149, 2150, 2152, 2164, 2165, 2166, 2167, 2168, 2171, 2172, 2190, 2199, 2200, 2201, 2202, 2203, 2204, 2205, 2206, 2208, 2210, 2211, 2212, 2215, 2216, 2217, 2218, 2219, 2221, 2222, 2228, 2230, 2242, 2257, 2271, 2272, 2273, 2275, 2276, 2277, 2278, 2279, 2281, 2287, 2291, 2292, 2302, 2303, 2304, 2305, 2307, 2308, 2309, 2310, 2311, 2312, 2313, 2314, 2315, 2348, 2350, 2351, 2352, 2355, 2356, 2357, 2358, 2359, 2361, 2362, 2363, 2369, 2370, 2371, 2372, 2374, 2375, 2377, 2378, 2379, 2381, 2382, 2383, 2384, 2385, 2386, 2387, 2393, 2395, 2411, 2412, 2414, 2415, 2416, 2419, 2424, 2438, 2441, 2456, 2457, 2458, 2459, 2460, 2461, 2463, 2464, 2466, 2467, 2469, 2470, 2471, 2472, 2474, 2475, 2476, 2477, 2479, 2480, 2481, 2482, 2483, 2484, 2487, 2488, 2489, 2491, 2492, 2496, 2497, 2498, 2500, 2502, 2505, 2510, 2512, 2513, 2521, 2524, 2525, 2547, 2548, 2551, 2552, 2563, 2577, 2580, 2584, 2585, 2589, 2594, 2597, 2611, 2628, 2629, 2630, 2631, 2632, 2633, 2634, 2635, 2636, 2637, 2638, 2639], "summary": {"covered_lines": 857, "num_statements": 1593, "percent_covered": 53.79786566227244, "percent_covered_display": "54", "missing_lines": 736, "excluded_lines": 0}, "missing_lines": [140, 141, 156, 165, 192, 193, 195, 205, 206, 214, 216, 217, 219, 220, 221, 222, 224, 226, 227, 228, 231, 232, 235, 236, 237, 238, 239, 240, 241, 242, 248, 253, 254, 256, 257, 258, 259, 261, 265, 266, 267, 269, 270, 271, 297, 298, 310, 334, 355, 382, 405, 406, 411, 414, 415, 418, 420, 421, 422, 423, 426, 427, 428, 429, 430, 431, 432, 433, 434, 436, 437, 438, 441, 446, 447, 448, 449, 450, 455, 456, 457, 458, 459, 468, 471, 472, 473, 474, 475, 476, 480, 481, 482, 483, 484, 487, 488, 489, 490, 491, 493, 494, 495, 496, 501, 503, 505, 513, 514, 515, 516, 517, 518, 519, 521, 522, 523, 524, 525, 550, 551, 573, 574, 575, 576, 577, 594, 595, 596, 597, 598, 604, 605, 606, 607, 608, 609, 610, 611, 612, 624, 632, 633, 646, 649, 650, 651, 672, 674, 679, 683, 684, 689, 690, 691, 692, 693, 694, 695, 697, 698, 699, 700, 701, 702, 704, 705, 712, 724, 738, 739, 740, 741, 742, 743, 744, 745, 746, 747, 748, 750, 751, 752, 753, 754, 759, 779, 780, 788, 789, 790, 791, 792, 793, 794, 795, 796, 803, 810, 811, 812, 813, 814, 815, 816, 817, 820, 821, 822, 823, 824, 825, 830, 831, 856, 857, 858, 864, 865, 872, 873, 874, 876, 877, 879, 880, 882, 883, 885, 887, 888, 889, 890, 893, 894, 895, 896, 898, 899, 900, 901, 902, 903, 904, 905, 906, 908, 926, 932, 933, 944, 948, 949, 958, 959, 960, 961, 976, 977, 978, 979, 980, 984, 985, 986, 991, 995, 999, 1000, 1001, 1002, 1004, 1020, 1021, 1022, 1023, 1024, 1025, 1026, 1027, 1028, 1039, 1040, 1041, 1042, 1056, 1057, 1058, 1059, 1060, 1061, 1062, 1072, 1073, 1074, 1075, 1076, 1077, 1078, 1079, 1080, 1082, 1088, 1090, 1093, 1098, 1101, 1106, 1107, 1108, 1109, 1110, 1111, 1112, 1496, 1520, 1524, 1525, 1526, 1527, 1528, 1529, 1530, 1531, 1532, 1536, 1537, 1538, 1539, 1540, 1541, 1542, 1543, 1544, 1545, 1548, 1550, 1551, 1560, 1561, 1562, 1563, 1564, 1565, 1571, 1574, 1575, 1578, 1581, 1588, 1589, 1590, 1591, 1592, 1593, 1594, 1603, 1604, 1605, 1612, 1613, 1614, 1615, 1616, 1617, 1620, 1621, 1622, 1625, 1626, 1627, 1628, 1633, 1634, 1636, 1637, 1638, 1639, 1640, 1641, 1642, 1643, 1644, 1645, 1658, 1659, 1660, 1661, 1662, 1673, 1674, 1675, 1676, 1677, 1679, 1682, 1683, 1684, 1689, 1690, 1691, 1692, 1693, 1694, 1695, 1696, 1697, 1698, 1699, 1700, 1701, 1702, 1703, 1704, 1705, 1706, 1707, 1708, 1710, 1711, 1713, 1714, 1715, 1716, 1717, 1718, 1719, 1720, 1721, 1722, 1723, 1724, 1725, 1726, 1727, 1728, 1729, 1730, 1733, 1734, 1735, 1736, 1738, 1739, 1746, 1777, 1778, 1788, 1789, 1790, 1791, 1792, 1793, 1794, 1795, 1796, 1797, 1798, 1822, 1825, 1832, 1833, 1834, 1837, 1840, 1843, 1844, 1845, 1846, 1847, 1849, 1850, 1851, 1852, 1853, 1855, 1857, 1862, 1864, 1877, 1879, 1887, 1888, 1889, 1890, 1891, 1892, 1893, 1895, 1905, 1906, 1908, 1909, 1910, 1911, 1912, 1916, 1917, 1918, 1919, 1920, 1922, 1923, 1924, 1925, 1926, 1927, 1929, 1933, 1936, 1959, 1965, 2015, 2016, 2017, 2018, 2029, 2030, 2056, 2057, 2058, 2059, 2060, 2063, 2064, 2069, 2070, 2071, 2072, 2073, 2074, 2077, 2078, 2079, 2080, 2081, 2082, 2083, 2084, 2086, 2088, 2089, 2173, 2174, 2175, 2176, 2177, 2178, 2179, 2180, 2181, 2182, 2183, 2184, 2185, 2186, 2187, 2188, 2191, 2192, 2193, 2194, 2195, 2196, 2197, 2213, 2231, 2232, 2233, 2234, 2235, 2236, 2237, 2238, 2239, 2240, 2243, 2244, 2245, 2250, 2251, 2252, 2253, 2254, 2255, 2258, 2259, 2260, 2261, 2262, 2263, 2264, 2265, 2267, 2268, 2269, 2283, 2285, 2288, 2316, 2317, 2318, 2319, 2320, 2321, 2322, 2323, 2324, 2325, 2326, 2327, 2328, 2329, 2330, 2331, 2332, 2333, 2334, 2335, 2336, 2337, 2338, 2339, 2340, 2341, 2342, 2343, 2344, 2345, 2346, 2353, 2388, 2389, 2390, 2391, 2392, 2396, 2398, 2399, 2400, 2402, 2403, 2404, 2405, 2406, 2407, 2408, 2409, 2413, 2420, 2425, 2426, 2427, 2429, 2430, 2431, 2432, 2433, 2435, 2436, 2439, 2442, 2443, 2444, 2445, 2447, 2448, 2449, 2450, 2452, 2453, 2454, 2503, 2526, 2528, 2529, 2530, 2531, 2532, 2534, 2535, 2536, 2537, 2538, 2539, 2540, 2541, 2542, 2543, 2544, 2545, 2553, 2554, 2555, 2556, 2557, 2558, 2559, 2560, 2561, 2564, 2565, 2566, 2567, 2568, 2569, 2570, 2571, 2572, 2573, 2574, 2575, 2578, 2581, 2586, 2587, 2590, 2591, 2592, 2595, 2598, 2599, 2600, 2602, 2603, 2604, 2605, 2606, 2608, 2609, 2612, 2625, 2640, 2641, 2642, 2643], "excluded_lines": []}, "arches/app/datatypes/url.py": {"executed_lines": [1, 18, 19, 20, 21, 22, 23, 24, 25, 27, 28, 29, 30, 32, 33, 35, 37, 39, 40, 41, 42, 46, 60, 61, 64, 65, 69, 71, 72, 74, 75, 76, 78, 79, 80, 81, 82, 83, 84, 85, 88, 89, 90, 91, 92, 94, 96, 123, 131, 136, 154, 163, 183, 188, 193, 197, 201, 224, 252, 270, 271, 272, 274, 275, 276, 277, 278, 282, 283, 284], "summary": {"covered_lines": 68, "num_statements": 144, "percent_covered": 47.22222222222222, "percent_covered_display": "47", "missing_lines": 76, "excluded_lines": 0}, "missing_lines": [43, 44, 105, 106, 107, 109, 110, 111, 112, 113, 115, 116, 118, 119, 121, 124, 125, 126, 128, 129, 132, 133, 134, 137, 138, 139, 144, 147, 152, 155, 156, 157, 158, 159, 161, 165, 166, 167, 168, 173, 174, 175, 176, 177, 179, 180, 181, 184, 185, 186, 189, 195, 199, 204, 205, 206, 207, 214, 215, 222, 237, 238, 239, 241, 242, 243, 244, 245, 246, 247, 248, 249, 250, 257, 279, 280], "excluded_lines": []}, "arches/app/functions/__init__.py": {"executed_lines": [0], "summary": {"covered_lines": 0, "num_statements": 0, "percent_covered": 100.0, "percent_covered_display": "100", "missing_lines": 0, "excluded_lines": 0}, "missing_lines": [], "excluded_lines": []}, "arches/app/functions/base.py": {"executed_lines": [1, 2, 3, 4, 6, 9, 13, 16, 19, 23], "summary": {"covered_lines": 10, "num_statements": 16, "percent_covered": 62.5, "percent_covered_display": "62", "missing_lines": 6, "excluded_lines": 0}, "missing_lines": [7, 10, 14, 17, 20, 24], "excluded_lines": []}, "arches/app/functions/primary_descriptors.py": {"executed_lines": [1, 2, 3, 4, 5, 6, 7, 9, 12, 13, 27, 28, 39, 40, 41, 42, 44, 45, 46, 48, 49, 53, 54, 55, 57, 58, 59, 60, 61, 64, 65, 66, 67, 68, 69, 70, 71, 72, 75, 76, 77, 78, 79, 80, 81, 83], "summary": {"covered_lines": 46, "num_statements": 51, "percent_covered": 90.19607843137256, "percent_covered_display": "90", "missing_lines": 5, "excluded_lines": 0}, "missing_lines": [24, 62, 63, 73, 74], "excluded_lines": []}, "arches/app/models/__init__.py": {"executed_lines": [0], "summary": {"covered_lines": 0, "num_statements": 0, "percent_covered": 100.0, "percent_covered_display": "100", "missing_lines": 0, "excluded_lines": 0}, "missing_lines": [], "excluded_lines": []}, "arches/app/models/card.py": {"executed_lines": [1, 19, 20, 21, 22, 23, 24, 25, 28, 29, 34, 35, 37, 77, 103, 119, 120, 121, 122, 123, 124, 125, 127, 129, 130, 177, 179, 180, 181, 183, 185, 190, 191, 197, 198, 200, 201, 203, 205, 208, 210, 214, 221, 243, 291, 292, 293, 294], "summary": {"covered_lines": 46, "num_statements": 174, "percent_covered": 26.436781609195403, "percent_covered_display": "26", "missing_lines": 128, "excluded_lines": 0}, "missing_lines": [38, 39, 40, 41, 42, 43, 45, 46, 47, 48, 49, 50, 51, 52, 53, 54, 55, 56, 57, 58, 59, 60, 61, 62, 63, 64, 65, 66, 67, 68, 69, 71, 72, 73, 74, 75, 131, 132, 133, 135, 136, 137, 139, 140, 142, 143, 144, 145, 146, 147, 148, 149, 153, 154, 155, 156, 157, 158, 159, 160, 161, 162, 163, 164, 165, 167, 168, 169, 170, 171, 172, 173, 174, 192, 193, 194, 195, 202, 204, 206, 211, 212, 219, 230, 231, 232, 233, 234, 235, 236, 237, 238, 240, 241, 248, 249, 251, 252, 253, 254, 255, 256, 257, 258, 259, 260, 261, 262, 266, 267, 268, 270, 271, 272, 273, 274, 275, 276, 277, 278, 279, 280, 281, 282, 283, 284, 286, 288], "excluded_lines": []}, "arches/app/models/concept.py": {"executed_lines": [1, 19, 20, 21, 22, 23, 24, 25, 26, 27, 28, 29, 30, 31, 32, 33, 34, 35, 37, 40, 42, 50, 51, 52, 53, 54, 55, 56, 57, 58, 59, 60, 62, 63, 69, 70, 74, 77, 80, 83, 86, 87, 88, 89, 90, 91, 92, 93, 94, 95, 96, 97, 98, 99, 101, 102, 105, 106, 107, 108, 110, 126, 127, 131, 132, 136, 137, 145, 146, 147, 148, 149, 150, 152, 153, 155, 158, 159, 161, 162, 163, 164, 165, 167, 168, 169, 171, 172, 173, 174, 175, 176, 201, 207, 208, 209, 210, 211, 212, 213, 234, 236, 238, 239, 243, 244, 258, 260, 261, 262, 266, 267, 269, 270, 272, 276, 277, 278, 281, 290, 302, 304, 316, 321, 342, 343, 362, 366, 367, 369, 371, 372, 373, 375, 400, 401, 403, 409, 412, 414, 415, 425, 428, 429, 433, 434, 435, 436, 439, 440, 463, 470, 471, 472, 473, 475, 476, 477, 479, 480, 481, 482, 484, 504, 505, 510, 511, 512, 514, 516, 679, 713, 715, 725, 742, 744, 753, 754, 755, 757, 758, 763, 764, 766, 772, 773, 774, 775, 777, 787, 804, 805, 806, 809, 811, 816, 819, 821, 836, 844, 845, 846, 852, 860, 861, 862, 863, 871, 872, 873, 874, 875, 877, 878, 880, 881, 883, 884, 886, 887, 888, 889, 898, 906, 908, 924, 1020, 1068, 1133, 1139, 1140, 1142, 1143, 1144, 1145, 1147, 1148, 1153, 1155, 1168, 1193, 1291, 1319, 1320, 1321, 1322, 1323, 1324, 1325, 1326, 1328, 1329, 1330, 1331, 1332, 1335, 1336, 1338, 1341, 1342, 1343, 1345, 1346, 1347, 1348, 1349, 1350, 1351, 1352, 1354, 1356, 1357, 1358, 1359, 1360, 1361, 1362, 1366, 1367, 1369, 1370, 1371, 1372, 1374, 1375, 1376, 1378, 1379, 1380, 1381, 1382, 1383, 1384, 1385, 1387, 1388, 1389, 1390, 1391, 1392, 1393, 1395, 1396, 1397, 1398, 1400, 1403, 1404, 1406, 1412, 1420, 1450, 1451, 1455, 1458, 1469, 1470, 1473, 1480], "summary": {"covered_lines": 318, "num_statements": 717, "percent_covered": 44.35146443514645, "percent_covered_display": "44", "missing_lines": 399, "excluded_lines": 0}, "missing_lines": [64, 65, 66, 67, 68, 71, 72, 75, 78, 81, 84, 100, 103, 128, 129, 143, 154, 177, 198, 199, 245, 246, 247, 248, 250, 251, 252, 253, 254, 256, 268, 273, 274, 282, 283, 284, 286, 287, 288, 291, 293, 294, 296, 297, 298, 300, 317, 318, 319, 322, 327, 328, 329, 331, 333, 334, 335, 336, 338, 339, 340, 344, 349, 350, 351, 353, 358, 359, 360, 363, 364, 368, 376, 385, 386, 387, 388, 391, 392, 394, 396, 397, 398, 437, 443, 444, 445, 446, 447, 448, 450, 452, 453, 454, 455, 456, 457, 459, 461, 464, 465, 466, 506, 507, 517, 633, 634, 655, 657, 659, 660, 662, 716, 760, 767, 768, 769, 770, 778, 779, 780, 781, 782, 783, 785, 795, 796, 797, 798, 799, 800, 802, 807, 817, 827, 828, 830, 831, 832, 834, 837, 838, 839, 840, 842, 847, 848, 850, 853, 854, 855, 856, 858, 864, 865, 866, 867, 869, 890, 891, 892, 893, 894, 895, 896, 899, 900, 901, 902, 903, 904, 909, 910, 911, 912, 913, 914, 916, 917, 918, 920, 921, 922, 930, 931, 932, 933, 934, 935, 936, 937, 939, 940, 941, 942, 943, 944, 945, 946, 947, 948, 949, 951, 952, 953, 954, 956, 957, 960, 961, 964, 965, 967, 968, 969, 970, 972, 977, 979, 980, 983, 984, 985, 986, 987, 988, 989, 990, 991, 992, 994, 995, 997, 999, 1000, 1001, 1002, 1003, 1004, 1005, 1006, 1007, 1008, 1010, 1014, 1018, 1021, 1022, 1023, 1025, 1027, 1036, 1037, 1039, 1040, 1041, 1043, 1066, 1069, 1070, 1072, 1073, 1074, 1075, 1076, 1077, 1084, 1091, 1093, 1103, 1104, 1111, 1113, 1114, 1121, 1124, 1125, 1126, 1127, 1128, 1129, 1131, 1150, 1161, 1162, 1163, 1164, 1166, 1171, 1172, 1173, 1174, 1181, 1182, 1183, 1184, 1185, 1186, 1187, 1188, 1189, 1190, 1191, 1199, 1200, 1224, 1226, 1240, 1241, 1242, 1243, 1244, 1245, 1246, 1247, 1249, 1251, 1252, 1253, 1254, 1255, 1256, 1257, 1258, 1259, 1260, 1261, 1262, 1263, 1265, 1266, 1267, 1268, 1269, 1270, 1271, 1272, 1273, 1274, 1275, 1276, 1277, 1279, 1281, 1282, 1284, 1285, 1286, 1287, 1289, 1292, 1293, 1294, 1295, 1296, 1297, 1299, 1300, 1305, 1306, 1307, 1309, 1310, 1312, 1313, 1314, 1316, 1333, 1334, 1339, 1364, 1373, 1399, 1401, 1407, 1408, 1409, 1410, 1413, 1414, 1415, 1417, 1421, 1429, 1430, 1431, 1432, 1433, 1434, 1436, 1445, 1446, 1447, 1456, 1471, 1472, 1481, 1482, 1483], "excluded_lines": []}, "arches/app/models/fields/i18n.py": {"executed_lines": [1, 2, 3, 4, 5, 6, 7, 8, 9, 10, 11, 14, 15, 17, 18, 19, 20, 21, 22, 23, 25, 27, 28, 30, 31, 32, 42, 43, 44, 45, 46, 47, 48, 49, 50, 51, 52, 53, 54, 56, 65, 66, 67, 69, 70, 72, 76, 77, 80, 83, 87, 88, 91, 95, 98, 99, 100, 101, 102, 103, 107, 108, 109, 111, 112, 114, 115, 117, 120, 122, 123, 124, 126, 130, 131, 178, 179, 180, 183, 184, 186, 187, 188, 189, 190, 191, 193, 194, 195, 196, 198, 205, 209, 219, 221, 224, 227, 228, 229, 230, 231, 232, 233, 234, 236, 238, 239, 241, 244, 245, 246, 248, 252, 253, 254, 257, 258, 259, 260, 261, 262, 265, 267, 268, 269, 270, 271, 272, 274, 283, 284, 285, 287, 288, 289, 290, 292, 293, 294, 295, 296, 301, 308, 314, 316, 320, 321, 323, 324, 327, 328, 330, 331, 333, 334, 339, 340, 341, 342, 343, 345, 357, 358, 360, 361, 362, 364, 365, 366, 367, 368, 371, 373, 382, 383, 384, 386, 387, 388, 389, 390, 391, 394, 395, 397, 398, 399, 400, 402, 403, 404, 405, 407, 414, 418, 423, 425, 428, 432, 433, 439, 440], "summary": {"covered_lines": 201, "num_statements": 227, "percent_covered": 88.54625550660793, "percent_covered_display": "89", "missing_lines": 26, "excluded_lines": 0}, "missing_lines": [81, 84, 92, 96, 199, 200, 201, 202, 203, 206, 207, 255, 256, 264, 369, 370, 408, 409, 410, 411, 412, 415, 416, 434, 435, 436], "excluded_lines": []}, "arches/app/models/graph.py": {"executed_lines": [1, 19, 20, 21, 22, 23, 24, 25, 26, 27, 28, 29, 30, 31, 32, 33, 34, 35, 36, 37, 38, 39, 42, 44, 45, 50, 51, 53, 54, 70, 71, 72, 73, 74, 75, 76, 77, 78, 79, 80, 82, 83, 85, 86, 87, 89, 90, 91, 93, 94, 96, 97, 99, 100, 101, 103, 104, 105, 106, 108, 109, 110, 111, 112, 114, 116, 118, 119, 120, 123, 124, 125, 127, 128, 129, 133, 134, 136, 137, 138, 140, 142, 143, 144, 145, 146, 147, 148, 150, 152, 153, 154, 156, 158, 159, 160, 161, 162, 163, 164, 166, 168, 169, 170, 172, 173, 174, 175, 176, 177, 178, 180, 182, 183, 184, 186, 187, 188, 190, 192, 193, 194, 195, 197, 198, 199, 200, 202, 203, 204, 205, 206, 208, 209, 211, 213, 218, 219, 220, 222, 223, 224, 226, 228, 229, 230, 231, 233, 234, 235, 236, 238, 239, 240, 241, 242, 244, 245, 247, 249, 250, 251, 252, 253, 264, 265, 266, 267, 278, 280, 288, 289, 290, 291, 292, 293, 294, 295, 296, 297, 298, 299, 300, 301, 302, 303, 304, 305, 306, 307, 309, 311, 313, 314, 315, 316, 317, 318, 319, 321, 323, 325, 326, 327, 329, 331, 332, 333, 335, 337, 349, 350, 351, 352, 353, 354, 355, 357, 359, 360, 361, 362, 363, 364, 366, 376, 384, 385, 386, 387, 388, 389, 390, 391, 392, 393, 394, 395, 396, 397, 398, 399, 400, 401, 402, 403, 404, 407, 409, 410, 412, 414, 416, 425, 426, 428, 430, 432, 434, 449, 450, 451, 452, 453, 454, 455, 456, 457, 458, 459, 461, 471, 472, 474, 475, 476, 477, 479, 480, 482, 483, 484, 485, 486, 487, 488, 489, 498, 504, 505, 506, 508, 509, 511, 512, 514, 517, 523, 524, 525, 527, 529, 530, 534, 535, 536, 538, 540, 541, 542, 543, 544, 546, 547, 549, 550, 552, 553, 555, 558, 566, 580, 589, 591, 592, 593, 594, 596, 598, 600, 606, 607, 609, 610, 611, 612, 613, 614, 616, 618, 619, 620, 622, 624, 626, 643, 644, 646, 647, 648, 649, 651, 652, 654, 655, 657, 658, 660, 663, 664, 665, 666, 667, 668, 671, 672, 673, 674, 676, 677, 679, 682, 684, 693, 694, 695, 696, 697, 698, 700, 710, 711, 712, 713, 715, 716, 760, 766, 767, 769, 770, 772, 774, 785, 791, 796, 802, 804, 806, 838, 840, 841, 844, 845, 846, 847, 848, 849, 850, 851, 852, 853, 854, 856, 857, 858, 859, 860, 861, 862, 863, 864, 865, 866, 867, 870, 872, 877, 879, 881, 882, 883, 884, 885, 889, 890, 893, 894, 896, 898, 899, 908, 910, 925, 926, 927, 929, 930, 931, 932, 934, 935, 936, 937, 938, 940, 941, 942, 944, 945, 946, 948, 949, 950, 951, 952, 953, 955, 956, 957, 958, 960, 961, 963, 971, 972, 973, 974, 976, 977, 978, 979, 980, 981, 983, 984, 985, 987, 992, 993, 995, 996, 998, 1000, 1002, 1003, 1007, 1008, 1010, 1012, 1021, 1022, 1023, 1025, 1026, 1027, 1029, 1030, 1031, 1040, 1041, 1042, 1043, 1044, 1045, 1046, 1048, 1050, 1051, 1052, 1053, 1055, 1067, 1068, 1069, 1073, 1076, 1077, 1078, 1079, 1080, 1081, 1083, 1084, 1086, 1088, 1090, 1099, 1100, 1107, 1116, 1117, 1118, 1119, 1120, 1122, 1128, 1129, 1130, 1131, 1132, 1137, 1139, 1148, 1149, 1150, 1151, 1152, 1154, 1176, 1200, 1217, 1239, 1247, 1248, 1249, 1250, 1252, 1254, 1264, 1265, 1266, 1267, 1270, 1272, 1274, 1281, 1297, 1314, 1315, 1326, 1328, 1333, 1334, 1335, 1336, 1337, 1338, 1340, 1341, 1342, 1343, 1344, 1345, 1346, 1348, 1359, 1360, 1361, 1362, 1363, 1364, 1365, 1367, 1373, 1374, 1375, 1377, 1383, 1384, 1385, 1387, 1393, 1394, 1395, 1396, 1397, 1398, 1399, 1400, 1401, 1404, 1405, 1407, 1408, 1409, 1411, 1413, 1414, 1415, 1416, 1417, 1418, 1419, 1420, 1422, 1427, 1428, 1430, 1431, 1432, 1433, 1434, 1436, 1438, 1446, 1448, 1449, 1450, 1451, 1452, 1456, 1464, 1465, 1467, 1468, 1474, 1475, 1476, 1482, 1483, 1484, 1485, 1488, 1492, 1494, 1495, 1497, 1499, 1500, 1501, 1502, 1503, 1504, 1509, 1510, 1511, 1514, 1516, 1518, 1519, 1530, 1531, 1584, 1591, 1592, 1594, 1595, 1596, 1599, 1604, 1605, 1609, 1613, 1614, 1618, 1619, 1620, 1621, 1622, 1624, 1635, 1638, 1639, 1647, 1650, 1656, 1675, 1676, 1677, 1678, 1685, 1686, 1688, 1689, 1690, 1691, 1692, 1696, 1698, 1699, 1707, 1708, 1709, 1710, 1711, 1712, 1713, 1714, 1715, 1717, 1718, 1726, 1734, 1735, 1736, 1743, 1744, 1745, 1746, 1748, 1749, 1750, 1752, 1756, 1757, 1761, 1762, 1763, 1766, 1771, 1772, 1773, 1775, 1776, 1778, 1782, 1783, 1789, 1790, 1791, 1795, 1796, 1798, 1803, 1804, 1806, 1807, 1812, 1814, 1815, 1817, 1818, 1820, 1822, 1828, 1830, 1834, 1842, 1843, 1848, 1851, 1852, 1853, 1854, 1855, 1857], "summary": {"covered_lines": 785, "num_statements": 1042, "percent_covered": 75.3358925143954, "percent_covered_display": "75", "missing_lines": 257, "excluded_lines": 0}, "missing_lines": [102, 130, 328, 330, 367, 368, 369, 370, 371, 372, 373, 374, 405, 435, 436, 437, 438, 439, 440, 441, 442, 443, 444, 445, 446, 447, 490, 491, 492, 493, 495, 496, 497, 499, 500, 501, 515, 518, 519, 520, 521, 531, 532, 556, 560, 571, 572, 573, 574, 575, 576, 577, 578, 661, 669, 680, 721, 722, 723, 724, 731, 732, 733, 734, 735, 736, 740, 744, 745, 746, 748, 751, 752, 753, 754, 755, 757, 758, 779, 780, 781, 782, 783, 792, 793, 794, 807, 808, 809, 810, 811, 812, 814, 815, 816, 817, 818, 820, 821, 822, 823, 824, 827, 828, 829, 830, 831, 832, 833, 834, 835, 842, 843, 873, 874, 875, 900, 901, 903, 906, 986, 1004, 1005, 1006, 1032, 1074, 1087, 1102, 1103, 1104, 1105, 1165, 1166, 1167, 1168, 1170, 1171, 1172, 1174, 1187, 1188, 1189, 1190, 1191, 1192, 1194, 1195, 1196, 1198, 1211, 1212, 1213, 1215, 1228, 1229, 1230, 1231, 1233, 1234, 1235, 1237, 1269, 1282, 1284, 1285, 1286, 1287, 1289, 1291, 1292, 1298, 1301, 1302, 1304, 1305, 1309, 1310, 1325, 1402, 1403, 1412, 1453, 1454, 1457, 1458, 1459, 1472, 1506, 1521, 1522, 1523, 1524, 1525, 1526, 1527, 1528, 1532, 1533, 1534, 1535, 1552, 1553, 1554, 1555, 1573, 1574, 1575, 1576, 1597, 1598, 1600, 1601, 1602, 1606, 1607, 1615, 1616, 1640, 1648, 1651, 1652, 1657, 1658, 1659, 1660, 1661, 1662, 1663, 1664, 1665, 1666, 1667, 1670, 1671, 1673, 1679, 1680, 1681, 1682, 1727, 1751, 1753, 1754, 1758, 1759, 1764, 1784, 1793, 1831, 1832, 1838, 1839, 1844, 1845, 1846, 1849, 1858], "excluded_lines": []}, "arches/app/models/models.py": {"executed_lines": [12, 13, 14, 15, 16, 17, 18, 19, 21, 22, 23, 24, 25, 26, 27, 28, 29, 30, 31, 32, 33, 34, 35, 36, 37, 38, 39, 40, 41, 42, 43, 47, 50, 53, 58, 60, 61, 69, 70, 71, 73, 74, 75, 78, 79, 80, 81, 82, 83, 84, 85, 86, 87, 88, 89, 90, 91, 92, 95, 97, 98, 99, 103, 104, 105, 106, 107, 108, 110, 111, 112, 115, 116, 117, 118, 119, 121, 126, 127, 128, 131, 132, 133, 134, 136, 141, 142, 143, 146, 147, 148, 149, 150, 151, 152, 154, 155, 156, 157, 159, 160, 161, 164, 165, 166, 169, 170, 171, 172, 173, 174, 175, 176, 177, 179, 180, 181, 182, 184, 185, 186, 187, 190, 191, 192, 193, 195, 196, 197, 200, 201, 202, 205, 206, 207, 208, 209, 210, 211, 212, 213, 214, 215, 217, 220, 221, 222, 225, 226, 227, 229, 230, 231, 234, 235, 236, 237, 239, 240, 241, 244, 245, 246, 247, 248, 249, 251, 252, 253, 256, 257, 258, 259, 260, 261, 262, 263, 265, 266, 267, 268, 269, 270, 272, 273, 274, 275, 278, 279, 280, 281, 282, 283, 284, 285, 286, 287, 288, 289, 290, 291, 292, 293, 294, 295, 296, 297, 298, 299, 300, 302, 303, 304, 305, 307, 308, 309, 310, 315, 316, 317, 318, 319, 320, 321, 322, 323, 325, 330, 331, 332, 335, 336, 337, 338, 339, 340, 342, 347, 348, 349, 352, 353, 354, 355, 356, 358, 359, 360, 363, 364, 365, 367, 368, 369, 376, 377, 378, 381, 382, 383, 384, 385, 387, 392, 393, 394, 399, 400, 417, 418, 422, 425, 426, 427, 428, 430, 431, 439, 440, 441, 442, 443, 444, 445, 446, 447, 449, 450, 451, 454, 455, 456, 458, 459, 463, 464, 467, 468, 469, 470, 471, 473, 474, 475, 476, 478, 479, 480, 481, 484, 485, 486, 487, 488, 489, 490, 491, 492, 493, 494, 495, 496, 499, 500, 501, 504, 505, 506, 508, 509, 510, 511, 512, 514, 516, 517, 518, 524, 525, 526, 528, 529, 535, 537, 540, 541, 542, 543, 545, 546, 547, 550, 551, 552, 553, 554, 555, 557, 558, 559, 562, 563, 564, 565, 567, 568, 569, 572, 573, 574, 575, 577, 578, 579, 580, 581, 582, 583, 584, 585, 587, 590, 591, 592, 595, 596, 597, 598, 599, 603, 604, 605, 606, 608, 609, 610, 612, 613, 621, 622, 627, 634, 635, 636, 637, 638, 639, 640, 641, 642, 643, 644, 645, 646, 647, 648, 649, 650, 654, 661, 662, 663, 670, 672, 678, 680, 681, 682, 684, 685, 686, 690, 691, 696, 701, 703, 704, 705, 711, 712, 713, 714, 716, 717, 718, 719, 721, 722, 723, 724, 730, 731, 732, 734, 735, 738, 739, 740, 741, 742, 743, 744, 748, 749, 750, 751, 753, 754, 755, 758, 759, 795, 796, 797, 798, 800, 801, 802, 803, 805, 806, 807, 808, 811, 812, 813, 814, 816, 817, 818, 821, 822, 823, 824, 825, 827, 828, 829, 830, 832, 833, 834, 835, 838, 839, 840, 841, 842, 843, 844, 845, 847, 848, 849, 850, 852, 853, 854, 857, 858, 859, 862, 863, 864, 872, 876, 877, 878, 879, 881, 882, 883, 886, 887, 888, 897, 906, 915, 925, 926, 927, 928, 936, 944, 945, 946, 947, 949, 966, 968, 969, 973, 974, 975, 976, 978, 979, 980, 981, 982, 984, 986, 987, 988, 989, 991, 992, 993, 996, 997, 998, 999, 1000, 1001, 1002, 1003, 1005, 1006, 1007, 1010, 1011, 1013, 1014, 1015, 1016, 1018, 1019, 1020, 1021, 1024, 1025, 1026, 1027, 1028, 1029, 1030, 1031, 1032, 1033, 1034, 1036, 1039, 1040, 1041, 1044, 1045, 1046, 1048, 1051, 1057, 1058, 1059, 1060, 1061, 1062, 1063, 1065, 1070, 1071, 1072, 1075, 1076, 1138, 1139, 1140, 1141, 1142, 1143, 1144, 1146, 1147, 1148, 1150, 1151, 1152, 1153, 1155, 1156, 1158, 1159, 1160, 1161, 1162, 1164, 1167, 1168, 1169, 1170, 1171, 1172, 1175, 1176, 1177, 1178, 1179, 1180, 1182, 1183, 1184, 1185, 1187, 1188, 1189, 1192, 1193, 1194, 1195, 1196, 1197, 1199, 1204, 1205, 1206, 1208, 1213, 1221, 1222, 1238, 1239, 1260, 1261, 1262, 1263, 1264, 1265, 1266, 1268, 1269, 1270, 1271, 1273, 1274, 1276, 1277, 1278, 1281, 1282, 1283, 1286, 1287, 1288, 1289, 1290, 1292, 1295, 1296, 1297, 1300, 1301, 1302, 1305, 1306, 1307, 1309, 1312, 1313, 1314, 1315, 1317, 1318, 1319, 1322, 1323, 1324, 1325, 1326, 1327, 1328, 1329, 1330, 1331, 1332, 1333, 1334, 1335, 1336, 1338, 1339, 1340, 1341, 1343, 1346, 1347, 1348, 1351, 1352, 1353, 1354, 1355, 1356, 1364, 1365, 1366, 1367, 1369, 1374, 1375, 1376, 1379, 1380, 1381, 1382, 1384, 1392, 1393, 1398, 1399, 1404, 1405, 1410, 1411, 1412, 1415, 1416, 1417, 1420, 1421, 1422, 1424, 1425, 1426, 1427, 1429, 1430, 1431, 1438, 1439, 1440, 1441, 1442, 1443, 1444, 1445, 1447, 1452, 1453, 1454, 1457, 1458, 1463, 1464, 1465, 1466, 1467, 1469, 1470, 1471, 1474, 1475, 1476, 1479, 1480, 1485, 1486, 1488, 1489, 1491, 1493, 1494, 1495, 1496, 1498, 1499, 1500, 1503, 1504, 1512, 1513, 1514, 1515, 1517, 1518, 1519, 1520, 1522, 1523, 1524, 1527, 1528, 1536, 1537, 1538, 1539, 1540, 1542, 1547, 1548, 1549, 1552, 1553, 1556, 1557, 1560, 1561, 1562, 1563, 1564, 1565, 1566, 1570, 1571, 1573, 1574, 1575, 1576, 1577, 1584, 1587, 1591, 1592, 1593, 1595, 1598, 1599, 1600, 1603, 1604, 1605, 1606, 1607, 1608, 1609, 1610, 1611, 1612, 1614, 1615, 1616, 1619, 1622, 1623, 1624, 1627, 1628, 1629, 1630, 1631, 1633, 1634, 1635, 1637, 1638, 1639, 1642, 1643, 1648, 1652, 1653, 1654, 1655, 1656, 1657, 1658, 1660, 1663, 1664, 1665, 1667, 1687, 1688, 1689, 1690, 1691, 1693, 1696, 1697, 1698, 1701, 1702, 1703, 1704, 1705, 1706, 1707, 1708, 1709, 1711, 1716, 1717, 1718, 1721, 1722, 1723, 1724, 1725, 1727, 1728, 1729, 1732, 1733, 1734, 1735, 1736, 1737, 1738, 1739, 1740, 1741, 1742, 1743, 1744, 1745, 1746, 1748, 1751, 1752, 1753, 1755, 1759, 1760, 1761, 1762, 1763, 1764, 1765, 1766, 1767, 1768, 1769, 1770, 1771, 1772, 1774, 1775, 1776, 1779, 1780, 1781, 1782, 1783, 1784, 1785, 1786, 1787, 1788, 1789, 1790, 1791, 1793, 1794, 1795, 1798, 1799, 1800, 1801, 1802, 1803, 1804, 1805, 1806, 1807, 1809, 1810, 1811, 1814, 1815, 1816, 1817, 1827, 1828, 1829, 1830, 1831, 1833, 1836, 1837, 1838], "summary": {"covered_lines": 1021, "num_statements": 1206, "percent_covered": 84.66003316749585, "percent_covered_display": "85", "missing_lines": 185, "excluded_lines": 0}, "missing_lines": [64, 65, 66, 101, 122, 123, 124, 137, 138, 139, 162, 198, 218, 326, 327, 328, 343, 344, 345, 361, 370, 371, 372, 373, 374, 388, 389, 390, 405, 406, 407, 408, 412, 413, 414, 423, 432, 433, 434, 435, 436, 452, 460, 461, 513, 519, 520, 522, 530, 531, 532, 533, 538, 588, 628, 629, 630, 631, 632, 664, 665, 667, 668, 669, 688, 706, 707, 855, 951, 952, 953, 954, 955, 956, 957, 958, 959, 960, 961, 962, 964, 970, 971, 1008, 1009, 1037, 1042, 1049, 1052, 1054, 1066, 1067, 1068, 1200, 1201, 1202, 1209, 1210, 1211, 1214, 1215, 1216, 1226, 1227, 1228, 1229, 1233, 1234, 1235, 1243, 1244, 1246, 1247, 1248, 1249, 1251, 1252, 1253, 1254, 1255, 1256, 1257, 1279, 1293, 1298, 1310, 1344, 1349, 1370, 1371, 1372, 1390, 1394, 1396, 1400, 1402, 1406, 1408, 1428, 1432, 1433, 1434, 1435, 1448, 1449, 1450, 1472, 1543, 1544, 1545, 1558, 1568, 1578, 1579, 1580, 1581, 1582, 1588, 1596, 1617, 1620, 1644, 1645, 1646, 1649, 1661, 1668, 1669, 1670, 1671, 1672, 1673, 1674, 1675, 1676, 1679, 1682, 1684, 1694, 1712, 1713, 1714, 1749, 1756, 1834], "excluded_lines": []}, "arches/app/models/resource.py": {"executed_lines": [1, 19, 20, 21, 22, 23, 24, 25, 26, 27, 28, 29, 30, 31, 32, 33, 34, 35, 36, 37, 38, 39, 40, 41, 42, 43, 44, 45, 46, 50, 57, 59, 62, 63, 64, 66, 67, 73, 74, 75, 76, 79, 80, 81, 82, 83, 86, 88, 89, 91, 96, 97, 99, 104, 105, 109, 118, 119, 121, 122, 124, 126, 127, 128, 130, 131, 133, 135, 145, 147, 148, 149, 150, 151, 153, 160, 161, 165, 166, 167, 168, 170, 172, 173, 174, 175, 178, 179, 181, 183, 185, 186, 188, 189, 191, 192, 194, 195, 196, 197, 198, 199, 200, 201, 202, 203, 204, 205, 207, 208, 210, 222, 225, 226, 227, 228, 229, 230, 231, 234, 235, 236, 237, 238, 239, 240, 241, 242, 243, 244, 245, 246, 248, 250, 251, 252, 253, 254, 256, 257, 259, 265, 266, 267, 268, 271, 277, 278, 331, 339, 340, 342, 345, 346, 347, 348, 349, 350, 352, 363, 376, 377, 378, 379, 380, 381, 382, 383, 385, 386, 387, 388, 389, 390, 391, 392, 393, 394, 395, 396, 398, 399, 400, 402, 403, 404, 405, 408, 409, 410, 412, 413, 414, 415, 418, 419, 420, 422, 424, 425, 426, 427, 428, 429, 430, 431, 432, 433, 434, 435, 436, 437, 438, 439, 441, 443, 444, 445, 446, 447, 448, 449, 451, 452, 467, 496, 498, 508, 510, 511, 512, 518, 520, 522, 523, 528, 529, 531, 532, 535, 537, 539, 547, 548, 549, 552, 553, 554, 555, 556, 559, 560, 561, 562, 563, 564, 573, 576, 580, 602, 729, 764, 773, 774, 775, 777, 779, 796, 797, 812, 820, 821, 822, 824, 825, 827, 829, 830, 831, 832, 833, 834, 835, 837, 839, 841, 842, 843, 844, 845, 846, 847, 849, 857, 858, 859, 860, 863, 866, 867, 868, 869, 870, 871, 874, 875, 880, 884, 885, 890], "summary": {"covered_lines": 309, "num_statements": 503, "percent_covered": 61.43141153081511, "percent_covered_display": "61", "missing_lines": 194, "excluded_lines": 0}, "missing_lines": [84, 85, 92, 93, 94, 107, 206, 223, 272, 273, 274, 275, 290, 291, 292, 293, 294, 296, 297, 298, 301, 302, 303, 305, 307, 308, 309, 311, 315, 317, 318, 319, 323, 325, 326, 328, 329, 353, 355, 356, 357, 359, 360, 361, 397, 406, 407, 416, 417, 468, 469, 470, 471, 472, 473, 474, 475, 476, 477, 478, 479, 481, 482, 513, 514, 515, 516, 526, 533, 534, 565, 566, 567, 568, 569, 570, 577, 578, 588, 590, 591, 592, 593, 595, 596, 597, 598, 599, 600, 618, 619, 620, 621, 622, 623, 624, 625, 626, 628, 629, 636, 640, 642, 643, 644, 645, 647, 648, 650, 651, 654, 657, 659, 664, 666, 673, 674, 676, 677, 678, 679, 680, 681, 682, 684, 690, 691, 692, 693, 694, 696, 697, 698, 700, 702, 703, 705, 706, 707, 709, 710, 715, 716, 718, 719, 720, 721, 723, 725, 727, 735, 737, 738, 739, 741, 742, 744, 745, 746, 747, 748, 749, 750, 752, 753, 755, 756, 757, 759, 760, 762, 787, 788, 791, 792, 807, 808, 809, 810, 850, 851, 852, 853, 854, 861, 862, 876, 877, 878, 881, 886, 887, 888, 891], "excluded_lines": []}, "arches/app/models/system_settings.py": {"executed_lines": [1, 19, 20, 21, 22, 25, 26, 40, 41, 43, 44, 47, 55, 66, 67, 72, 83, 150, 157], "summary": {"covered_lines": 17, "num_statements": 79, "percent_covered": 21.518987341772153, "percent_covered_display": "22", "missing_lines": 62, "excluded_lines": 0}, "missing_lines": [48, 49, 50, 51, 52, 53, 68, 69, 70, 77, 78, 79, 80, 81, 88, 91, 93, 94, 95, 97, 98, 99, 100, 101, 102, 104, 106, 107, 108, 110, 111, 113, 115, 118, 119, 120, 121, 122, 123, 124, 125, 126, 127, 128, 130, 131, 132, 133, 135, 136, 137, 138, 142, 143, 144, 146, 147, 148, 151, 152, 153, 154], "excluded_lines": []}, "arches/app/models/tile.py": {"executed_lines": [1, 19, 20, 21, 22, 23, 24, 25, 26, 27, 28, 29, 30, 31, 32, 33, 34, 35, 36, 37, 38, 39, 40, 41, 42, 43, 45, 48, 49, 54, 55, 57, 83, 92, 93, 95, 96, 97, 98, 99, 101, 102, 104, 105, 106, 107, 108, 110, 111, 113, 114, 115, 116, 117, 118, 119, 120, 122, 135, 151, 152, 153, 154, 155, 156, 157, 158, 159, 160, 161, 162, 163, 164, 165, 166, 167, 168, 169, 170, 171, 172, 173, 174, 175, 177, 179, 180, 181, 185, 187, 192, 194, 195, 197, 207, 212, 213, 215, 221, 222, 223, 225, 227, 234, 235, 237, 239, 240, 241, 245, 247, 248, 250, 251, 252, 294, 295, 297, 298, 299, 300, 301, 302, 303, 304, 305, 306, 307, 310, 311, 312, 314, 321, 322, 323, 324, 326, 336, 337, 338, 339, 340, 343, 344, 345, 346, 350, 351, 352, 354, 356, 357, 359, 360, 361, 362, 363, 364, 366, 368, 369, 370, 372, 373, 375, 376, 377, 378, 379, 381, 382, 383, 384, 387, 388, 390, 391, 392, 393, 394, 395, 396, 397, 398, 399, 400, 401, 402, 403, 405, 406, 407, 408, 409, 410, 411, 412, 414, 415, 416, 417, 418, 419, 420, 421, 423, 424, 426, 427, 429, 433, 434, 435, 436, 437, 441, 442, 443, 445, 446, 449, 450, 456, 457, 459, 462, 463, 464, 465, 466, 467, 479, 490, 491, 492, 493, 495, 496, 498, 501, 502, 503, 504, 505, 506, 508, 509, 510, 511, 512, 513, 514, 516, 517, 518, 519, 520, 521, 523, 524, 525, 526, 527, 528, 529, 531, 532, 539, 540, 541, 542, 543, 547, 548, 550, 551, 553, 554, 559, 560, 562, 568, 571, 575, 586, 598, 599, 600, 601, 603, 604, 605, 606, 607, 609, 611, 612, 613, 614, 615, 616, 617, 618, 619, 620, 621, 623, 625, 626, 627, 628, 629, 630, 631, 632, 634, 635, 637, 639, 640, 683, 690, 691, 700, 701, 702, 711, 718, 719, 728, 729, 730, 731, 736, 739, 741, 749, 761, 762, 763, 764, 765, 767, 768, 771, 772], "summary": {"covered_lines": 344, "num_statements": 493, "percent_covered": 69.77687626774848, "percent_covered_display": "70", "missing_lines": 149, "excluded_lines": 0}, "missing_lines": [136, 137, 138, 139, 140, 141, 142, 143, 144, 145, 146, 147, 148, 149, 176, 182, 183, 184, 208, 209, 242, 243, 244, 249, 253, 254, 255, 257, 260, 261, 262, 263, 264, 265, 266, 267, 268, 269, 272, 276, 277, 278, 279, 280, 281, 282, 283, 285, 286, 287, 288, 292, 296, 308, 315, 316, 320, 341, 342, 347, 348, 349, 353, 371, 385, 386, 447, 499, 515, 544, 545, 555, 556, 569, 576, 578, 579, 580, 581, 583, 584, 587, 588, 589, 590, 592, 593, 594, 595, 596, 646, 647, 648, 649, 650, 651, 652, 653, 655, 656, 657, 658, 659, 660, 661, 662, 663, 664, 665, 667, 668, 669, 670, 671, 680, 681, 692, 693, 694, 695, 696, 697, 698, 703, 704, 705, 706, 707, 708, 709, 720, 721, 722, 723, 724, 725, 726, 737, 738, 742, 743, 744, 746, 747, 755, 756, 758, 773, 774], "excluded_lines": []}, "arches/app/search/__init__.py": {"executed_lines": [0], "summary": {"covered_lines": 0, "num_statements": 0, "percent_covered": 100.0, "percent_covered_display": "100", "missing_lines": 0, "excluded_lines": 0}, "missing_lines": [], "excluded_lines": []}, "arches/app/search/base_index.py": {"executed_lines": [1, 2, 3, 4, 5, 6, 7, 8, 9, 12, 13, 21, 39, 55, 72, 108, 129, 144, 173, 180, 181, 186, 190, 191, 195], "summary": {"covered_lines": 25, "num_statements": 86, "percent_covered": 29.069767441860463, "percent_covered_display": "29", "missing_lines": 61, "excluded_lines": 0}, "missing_lines": [14, 15, 17, 18, 19, 34, 35, 37, 53, 69, 70, 84, 85, 86, 87, 88, 89, 90, 91, 92, 93, 94, 95, 96, 97, 98, 100, 101, 102, 103, 104, 117, 118, 119, 121, 122, 123, 124, 125, 126, 127, 142, 162, 163, 164, 165, 167, 168, 169, 171, 174, 175, 176, 177, 182, 183, 184, 187, 192, 193, 196], "excluded_lines": []}, "arches/app/search/components/__init__.py": {"executed_lines": [0], "summary": {"covered_lines": 0, "num_statements": 0, "percent_covered": 100.0, "percent_covered_display": "100", "missing_lines": 0, "excluded_lines": 0}, "missing_lines": [], "excluded_lines": []}, "arches/app/search/components/base.py": {"executed_lines": [1, 2, 3, 4, 6, 21, 22, 23, 25, 33, 41, 47, 50, 51, 52, 53, 54, 56, 57, 58, 59, 60, 61, 62, 63, 66, 67, 68, 69], "summary": {"covered_lines": 29, "num_statements": 32, "percent_covered": 90.625, "percent_covered_display": "91", "missing_lines": 3, "excluded_lines": 0}, "missing_lines": [31, 39, 71], "excluded_lines": []}, "arches/app/search/components/map_filter.py": {"executed_lines": [1, 2, 3, 4, 5, 6, 7, 8, 10, 12, 26, 27, 28, 29, 30, 31, 32, 33, 34, 35, 36, 37, 38, 39, 40, 41, 42, 46, 47, 48, 50, 51, 52, 54, 57, 59, 62, 65, 67, 69, 70, 72, 73, 78, 79, 80, 82, 83, 87, 88, 89, 90, 92, 98, 99, 100], "summary": {"covered_lines": 56, "num_statements": 62, "percent_covered": 90.3225806451613, "percent_covered_display": "90", "missing_lines": 6, "excluded_lines": 0}, "missing_lines": [60, 63, 74, 75, 84, 85], "excluded_lines": []}, "arches/app/search/components/resource_type_filter.py": {"executed_lines": [1, 2, 3, 4, 5, 7, 21, 22, 23, 24, 25, 28, 29, 55], "summary": {"covered_lines": 14, "num_statements": 33, "percent_covered": 42.42424242424242, "percent_covered_display": "42", "missing_lines": 19, "excluded_lines": 0}, "missing_lines": [30, 31, 32, 33, 35, 36, 37, 38, 39, 40, 41, 43, 44, 46, 47, 49, 51, 53, 56], "excluded_lines": []}, "arches/app/search/components/search_results.py": {"executed_lines": [1, 2, 3, 4, 5, 6, 8, 22, 23, 24, 25, 26, 28, 29, 32, 33, 34, 35, 36, 37, 39, 40, 49, 50, 51, 52, 53, 54, 56, 57, 60, 62, 63, 64, 65, 66, 67, 71, 72, 75, 76, 77, 78, 79, 80, 83, 84, 85, 86, 87, 88, 89, 94], "summary": {"covered_lines": 53, "num_statements": 62, "percent_covered": 85.48387096774194, "percent_covered_display": "85", "missing_lines": 9, "excluded_lines": 0}, "missing_lines": [43, 44, 46, 47, 68, 69, 70, 91, 92], "excluded_lines": []}, "arches/app/search/components/term_filter.py": {"executed_lines": [1, 2, 3, 4, 5, 6, 8, 22, 23, 24, 25, 26, 27, 28, 29, 30, 31, 32, 33, 34, 36, 37, 39, 40, 43, 48, 51, 52, 54, 56, 59, 60, 61, 62, 64, 66, 67, 68, 69, 70, 71, 73, 75, 78, 79, 80, 82, 84, 87, 88, 89, 91], "summary": {"covered_lines": 52, "num_statements": 66, "percent_covered": 78.78787878787878, "percent_covered_display": "79", "missing_lines": 14, "excluded_lines": 0}, "missing_lines": [35, 38, 41, 42, 44, 45, 46, 47, 49, 55, 57, 74, 76, 90], "excluded_lines": []}, "arches/app/search/components/time_filter.py": {"executed_lines": [1, 2, 3, 4, 5, 6, 7, 8, 10, 24, 25, 26, 27, 28, 29, 31, 32, 33, 36, 38, 40, 43, 44, 46, 47, 48, 49, 50, 51, 53, 54, 55, 57, 60, 63, 64, 66, 67, 68, 70, 73, 76, 77, 80, 81, 82, 84, 86, 89, 90, 92, 93, 96, 98, 100, 103, 104, 106, 108, 110], "summary": {"covered_lines": 60, "num_statements": 86, "percent_covered": 69.76744186046511, "percent_covered_display": "70", "missing_lines": 26, "excluded_lines": 0}, "missing_lines": [58, 61, 71, 74, 85, 87, 99, 101, 111, 112, 113, 116, 120, 121, 122, 123, 124, 125, 126, 127, 128, 129, 130, 132, 133, 134], "excluded_lines": []}, "arches/app/search/elasticsearch_dsl_builder.py": {"executed_lines": [1, 19, 20, 23, 24, 25, 28, 30, 33, 34, 35, 37, 38, 39, 40, 41, 42, 45, 46, 51, 52, 53, 54, 55, 57, 59, 62, 63, 64, 66, 67, 69, 71, 72, 73, 74, 76, 78, 79, 81, 84, 87, 88, 90, 91, 92, 93, 94, 95, 96, 100, 101, 103, 104, 106, 107, 108, 109, 112, 113, 118, 119, 120, 121, 122, 125, 126, 127, 128, 129, 131, 132, 134, 135, 136, 137, 139, 140, 142, 143, 145, 146, 147, 148, 149, 150, 152, 153, 154, 156, 157, 158, 159, 161, 164, 165, 170, 171, 172, 184, 185, 187, 188, 189, 191, 194, 195, 203, 204, 205, 206, 208, 210, 213, 214, 216, 217, 218, 219, 222, 223, 228, 229, 230, 232, 235, 236, 241, 242, 243, 245, 248, 251, 252, 258, 259, 260, 261, 263, 266, 267, 272, 273, 274, 275, 276, 277, 278, 279, 281, 284, 286, 288, 290, 292, 295, 296, 297, 298, 299, 300, 301, 302, 303, 304, 307, 308, 311, 312, 317, 340, 341, 346, 362, 363, 368, 373, 374, 382, 389, 390, 395, 403, 404, 409, 425, 426, 431, 439, 440, 445, 446, 447, 448, 449, 450, 451, 453, 455, 457, 460, 462, 463, 464, 467, 469, 470, 472, 473, 474, 475, 477, 479, 480, 484, 485, 488, 489, 494, 495, 496, 497, 499, 502, 503, 508, 509, 510, 511, 513, 516, 517, 522, 531, 532, 537, 542, 543, 548, 553, 554, 559, 567, 587, 588, 593, 601, 621, 622, 627, 628, 630, 632, 633, 634, 637, 638, 643, 644, 645, 646, 648, 650, 651, 654, 655], "summary": {"covered_lines": 240, "num_statements": 340, "percent_covered": 70.58823529411765, "percent_covered_display": "71", "missing_lines": 100, "excluded_lines": 0}, "missing_lines": [26, 31, 60, 82, 85, 98, 123, 211, 246, 282, 289, 291, 293, 318, 319, 320, 321, 322, 323, 326, 327, 329, 347, 348, 350, 351, 353, 357, 359, 369, 370, 383, 384, 385, 386, 396, 397, 398, 400, 410, 411, 412, 414, 432, 433, 434, 436, 454, 456, 458, 465, 481, 523, 524, 525, 527, 528, 538, 539, 549, 550, 560, 561, 562, 563, 565, 568, 569, 570, 571, 573, 574, 576, 577, 578, 579, 580, 581, 583, 584, 594, 595, 596, 597, 599, 602, 603, 604, 605, 607, 608, 610, 611, 612, 613, 614, 615, 617, 618, 647], "excluded_lines": []}, "arches/app/search/mappings.py": {"executed_lines": [1, 19, 20, 21, 24, 25, 26, 27, 30, 33, 39, 58, 59, 60, 62, 65, 71, 91, 92, 93, 95, 98, 99, 100, 103, 104, 105, 108, 114, 241, 242, 244, 245, 246, 247, 248, 249, 250, 254, 255, 256, 258, 261, 262, 263, 266, 304, 305, 306], "summary": {"covered_lines": 48, "num_statements": 55, "percent_covered": 87.27272727272727, "percent_covered_display": "87", "missing_lines": 7, "excluded_lines": 0}, "missing_lines": [251, 252, 272, 293, 294, 295, 297], "excluded_lines": []}, "arches/app/search/search.py": {"executed_lines": [1, 19, 20, 21, 22, 23, 24, 25, 26, 27, 28, 29, 30, 33, 34, 36, 37, 38, 39, 40, 41, 42, 43, 44, 47, 48, 49, 51, 52, 55, 56, 57, 58, 60, 61, 62, 64, 66, 74, 75, 76, 77, 78, 79, 80, 81, 82, 84, 104, 105, 110, 116, 117, 118, 120, 128, 129, 130, 132, 149, 150, 151, 154, 156, 162, 163, 164, 166, 167, 168, 169, 171, 182, 183, 184, 186, 187, 188, 189, 193, 194, 201, 202, 203, 207, 208, 210, 211, 212, 216, 217, 218, 219, 220, 221, 222, 224, 225, 226, 230, 234, 235, 236, 237, 238, 239, 240, 241, 242, 243, 245, 246, 247, 249, 250, 251, 253, 254, 256, 257, 259, 260, 262], "summary": {"covered_lines": 122, "num_statements": 160, "percent_covered": 76.25, "percent_covered_display": "76", "missing_lines": 38, "excluded_lines": 0}, "missing_lines": [45, 53, 85, 86, 87, 89, 92, 93, 94, 96, 97, 98, 99, 102, 106, 107, 108, 133, 138, 139, 140, 141, 142, 143, 144, 146, 147, 152, 153, 191, 195, 196, 199, 204, 205, 228, 231, 232], "excluded_lines": []}, "arches/app/search/search_engine_factory.py": {"executed_lines": [1, 19, 20, 25, 26, 32, 33, 34, 35, 36, 37, 38, 39, 40, 42, 45], "summary": {"covered_lines": 15, "num_statements": 15, "percent_covered": 100.0, "percent_covered_display": "100", "missing_lines": 0, "excluded_lines": 0}, "missing_lines": [], "excluded_lines": []}, "arches/app/search/search_export.py": {"executed_lines": [1, 19, 20, 21, 22, 23, 24, 25, 26, 27, 28, 29, 30, 31, 32, 33, 34, 35, 36, 37, 38, 39, 41, 44, 45, 63, 76, 148, 249, 262, 270, 283, 305, 349, 357, 362, 368, 374, 381, 414], "summary": {"covered_lines": 39, "num_statements": 312, "percent_covered": 12.5, "percent_covered_display": "12", "missing_lines": 273, "excluded_lines": 0}, "missing_lines": [46, 47, 48, 49, 50, 51, 52, 53, 54, 55, 56, 57, 58, 59, 60, 61, 64, 65, 66, 67, 68, 69, 70, 71, 72, 73, 78, 79, 80, 81, 82, 87, 88, 89, 91, 98, 100, 101, 102, 103, 104, 105, 107, 112, 113, 114, 115, 116, 117, 118, 119, 120, 121, 122, 127, 128, 129, 130, 131, 132, 133, 134, 135, 137, 138, 139, 140, 141, 142, 143, 144, 146, 149, 150, 151, 152, 153, 154, 155, 156, 157, 159, 160, 161, 164, 165, 166, 167, 168, 169, 170, 171, 173, 174, 176, 177, 178, 179, 180, 182, 184, 185, 187, 189, 190, 191, 192, 194, 196, 197, 199, 201, 202, 203, 204, 206, 208, 209, 211, 213, 215, 216, 217, 218, 219, 220, 221, 222, 223, 225, 226, 228, 229, 231, 232, 233, 234, 235, 237, 238, 240, 241, 242, 245, 247, 253, 254, 255, 256, 257, 258, 259, 260, 263, 264, 265, 266, 267, 268, 271, 272, 273, 274, 275, 276, 277, 278, 279, 280, 281, 284, 285, 286, 287, 288, 289, 290, 291, 292, 294, 296, 297, 298, 299, 300, 302, 303, 306, 307, 308, 309, 311, 312, 313, 314, 315, 316, 317, 318, 320, 321, 322, 323, 325, 326, 327, 328, 330, 332, 333, 334, 335, 336, 337, 338, 340, 341, 342, 343, 344, 346, 347, 350, 351, 352, 353, 354, 355, 358, 359, 360, 363, 364, 365, 366, 369, 370, 371, 372, 375, 376, 377, 378, 379, 382, 383, 384, 385, 386, 387, 388, 390, 391, 392, 393, 394, 395, 396, 397, 398, 399, 400, 401, 402, 403, 404, 405, 406, 407, 408, 410, 411, 415], "excluded_lines": []}, "arches/app/search/search_term.py": {"executed_lines": [1, 4, 5, 6, 7], "summary": {"covered_lines": 5, "num_statements": 5, "percent_covered": 100.0, "percent_covered_display": "100", "missing_lines": 0, "excluded_lines": 0}, "missing_lines": [], "excluded_lines": []}, "arches/app/search/time_wheel.py": {"executed_lines": [1, 2, 3, 4, 5, 23, 24, 25, 26, 27, 29, 32, 33, 138, 161, 172, 176, 177, 178, 179, 180, 181, 183], "summary": {"covered_lines": 23, "num_statements": 124, "percent_covered": 18.548387096774192, "percent_covered_display": "19", "missing_lines": 101, "excluded_lines": 0}, "missing_lines": [34, 35, 36, 37, 38, 39, 40, 42, 47, 48, 50, 51, 52, 53, 55, 56, 57, 58, 59, 60, 61, 62, 63, 64, 65, 66, 67, 69, 76, 77, 84, 85, 87, 88, 89, 90, 91, 92, 93, 94, 95, 96, 97, 98, 99, 100, 101, 106, 107, 108, 109, 110, 111, 112, 113, 114, 116, 118, 119, 120, 121, 124, 125, 127, 128, 129, 131, 132, 133, 134, 136, 139, 140, 142, 143, 144, 145, 146, 147, 148, 149, 150, 152, 154, 155, 157, 159, 162, 163, 164, 165, 166, 167, 168, 170, 173, 184, 185, 186, 187, 188], "excluded_lines": []}, "arches/app/tasks.py": {"executed_lines": [1, 2, 3, 4, 5, 6, 7, 8, 9, 10, 11, 12, 13, 14, 15, 16, 17, 20, 21, 38, 39, 43, 44, 112, 113, 122, 123, 136, 137, 149, 150, 151, 153, 154, 155, 156, 166, 169, 170, 191, 192, 207, 208, 216, 235, 236, 243, 244, 251, 252, 271, 272, 279, 280, 286, 287, 310, 311, 333, 334, 357, 358, 370, 371, 403, 404, 411, 420, 421, 422, 425, 426], "summary": {"covered_lines": 72, "num_statements": 293, "percent_covered": 24.573378839590443, "percent_covered_display": "25", "missing_lines": 221, "excluded_lines": 0}, "missing_lines": [22, 24, 26, 27, 28, 29, 30, 31, 32, 33, 34, 35, 40, 45, 46, 48, 49, 51, 52, 53, 54, 55, 56, 57, 58, 59, 60, 61, 62, 63, 64, 65, 66, 67, 68, 69, 70, 71, 72, 73, 74, 75, 76, 77, 78, 79, 80, 81, 83, 84, 85, 87, 89, 90, 92, 105, 114, 115, 118, 119, 126, 138, 140, 141, 143, 144, 146, 171, 172, 173, 174, 176, 177, 178, 180, 181, 182, 183, 184, 185, 186, 187, 188, 193, 194, 195, 196, 197, 198, 199, 200, 201, 202, 203, 204, 209, 210, 211, 212, 213, 214, 217, 218, 219, 221, 222, 223, 224, 225, 226, 227, 228, 230, 231, 232, 237, 239, 240, 245, 247, 248, 253, 255, 256, 257, 259, 260, 261, 262, 263, 264, 265, 267, 268, 269, 273, 275, 276, 281, 283, 284, 288, 290, 292, 293, 294, 296, 297, 298, 299, 300, 301, 302, 303, 305, 306, 307, 312, 314, 316, 317, 318, 320, 321, 322, 323, 324, 325, 326, 327, 329, 330, 331, 335, 337, 339, 340, 341, 343, 344, 345, 346, 347, 348, 349, 350, 352, 353, 354, 365, 366, 367, 378, 380, 381, 382, 383, 384, 386, 387, 389, 390, 391, 392, 393, 394, 395, 396, 398, 399, 400, 405, 407, 408, 412, 413, 414, 415, 416, 417, 424], "excluded_lines": []}, "arches/app/utils/__init__.py": {"executed_lines": [1, 4, 5, 6, 7, 8], "summary": {"covered_lines": 6, "num_statements": 6, "percent_covered": 100.0, "percent_covered_display": "100", "missing_lines": 0, "excluded_lines": 0}, "missing_lines": [], "excluded_lines": []}, "arches/app/utils/activity_stream_jsonld.py": {"executed_lines": [1, 19, 20, 21, 22, 23, 24, 27, 29, 38, 46, 47, 48, 49, 51, 52, 54, 55, 57, 58, 59, 60, 61, 62, 63, 66, 68, 77, 85, 87, 89, 90, 92, 93, 94, 96, 101, 106, 108, 110, 111, 112, 116, 117, 118, 120, 121, 123, 125, 126, 127, 128, 129, 130, 131, 135, 137, 138, 139, 141, 143, 150, 153, 155, 157, 158, 160, 164, 166, 168, 170, 171, 172, 173, 175, 176, 177], "summary": {"covered_lines": 76, "num_statements": 89, "percent_covered": 85.3932584269663, "percent_covered_display": "85", "missing_lines": 13, "excluded_lines": 0}, "missing_lines": [97, 98, 99, 102, 103, 104, 119, 122, 132, 133, 144, 145, 148], "excluded_lines": []}, "arches/app/utils/arches_crypto.py": {"executed_lines": [1, 19, 20, 21, 22, 25, 26, 27, 28, 30, 31, 32, 33, 34, 36, 42, 43, 44, 45, 47, 48], "summary": {"covered_lines": 20, "num_statements": 25, "percent_covered": 80.0, "percent_covered_display": "80", "missing_lines": 5, "excluded_lines": 0}, "missing_lines": [37, 38, 39, 40, 49], "excluded_lines": []}, "arches/app/utils/betterJSONSerializer.py": {"executed_lines": [1, 2, 3, 4, 5, 6, 7, 8, 9, 10, 11, 12, 13, 14, 15, 16, 17, 18, 20, 23, 24, 26, 30, 34, 35, 37, 41, 45, 46, 51, 52, 53, 55, 58, 60, 61, 63, 64, 65, 66, 67, 68, 70, 72, 73, 76, 77, 79, 80, 81, 82, 83, 85, 87, 98, 100, 101, 102, 103, 104, 105, 106, 109, 110, 112, 113, 116, 118, 120, 122, 123, 124, 125, 126, 127, 128, 136, 137, 143, 144, 146, 148, 149, 150, 151, 152, 153, 155, 158, 162, 164, 165, 166, 168, 172, 174, 176, 177, 178, 180, 183, 196, 198, 199, 200, 201, 203, 204, 205, 207, 209, 210, 211, 212, 213, 215, 216, 217, 221, 222, 223, 227, 231, 232, 234, 235, 238, 239, 243, 244, 246, 247, 248, 250, 251, 253, 254, 255, 256, 262, 264, 265, 266, 271, 273, 275, 276, 280, 281, 282, 283, 291, 299, 301, 302, 303, 305, 307, 309, 310, 311, 313, 315], "summary": {"covered_lines": 159, "num_statements": 191, "percent_covered": 83.24607329842932, "percent_covered_display": "83", "missing_lines": 32, "excluded_lines": 0}, "missing_lines": [27, 28, 31, 38, 39, 42, 56, 99, 145, 147, 156, 160, 169, 170, 206, 208, 214, 228, 257, 258, 259, 267, 268, 269, 278, 294, 295, 297, 317, 318, 319, 320], "excluded_lines": []}, "arches/app/utils/compatibility.py": {"executed_lines": [1, 2, 3, 4, 5, 7, 9, 20, 21, 22, 23, 25, 26, 28, 33, 34, 35, 36, 37, 38, 42, 43, 44, 45, 50, 52, 53, 57], "summary": {"covered_lines": 28, "num_statements": 35, "percent_covered": 80.0, "percent_covered_display": "80", "missing_lines": 7, "excluded_lines": 0}, "missing_lines": [39, 40, 41, 47, 54, 55, 58], "excluded_lines": []}, "arches/app/utils/context_processors.py": {"executed_lines": [1, 19, 20, 21, 22, 23, 24, 25, 28, 29, 32, 33, 34, 35, 36, 41, 42, 46, 47, 48, 49, 50, 69, 70, 71], "summary": {"covered_lines": 24, "num_statements": 29, "percent_covered": 82.75862068965517, "percent_covered_display": "83", "missing_lines": 5, "excluded_lines": 0}, "missing_lines": [38, 39, 43, 44, 45], "excluded_lines": []}, "arches/app/utils/data_management/__init__.py": {"executed_lines": [0], "summary": {"covered_lines": 0, "num_statements": 0, "percent_covered": 100.0, "percent_covered_display": "100", "missing_lines": 0, "excluded_lines": 0}, "missing_lines": [], "excluded_lines": []}, "arches/app/utils/data_management/resource_graphs/__init__.py": {"executed_lines": [0], "summary": {"covered_lines": 0, "num_statements": 0, "percent_covered": 100.0, "percent_covered_display": "100", "missing_lines": 0, "excluded_lines": 0}, "missing_lines": [], "excluded_lines": []}, "arches/app/utils/data_management/resource_graphs/exporter.py": {"executed_lines": [1, 2, 3, 4, 5, 6, 7, 8, 9, 10, 12, 13, 14, 15, 16, 17, 18, 21, 29, 46, 62, 63, 64, 65, 68, 69, 70, 71, 72, 75, 76, 79, 84, 86, 87, 88, 89, 91, 93, 94, 95, 96, 97, 98, 101, 103, 104, 105, 106, 107, 108, 109, 110, 111, 112, 113, 114, 115, 116, 117, 119, 121, 124, 125, 126, 127, 129, 131, 134, 135, 142, 143, 145, 149, 150, 151, 153, 156, 157, 158, 161, 163, 164, 166, 170, 171, 173, 174, 177], "summary": {"covered_lines": 89, "num_statements": 209, "percent_covered": 42.58373205741627, "percent_covered_display": "43", "missing_lines": 120, "excluded_lines": 0}, "missing_lines": [25, 26, 30, 31, 32, 33, 34, 35, 37, 38, 39, 40, 41, 42, 43, 47, 48, 49, 50, 51, 52, 54, 55, 56, 57, 58, 59, 99, 100, 128, 130, 132, 136, 138, 139, 140, 141, 152, 167, 168, 178, 179, 180, 181, 182, 183, 184, 185, 186, 190, 192, 193, 196, 197, 199, 200, 201, 202, 203, 204, 205, 206, 209, 211, 213, 214, 216, 217, 218, 219, 220, 221, 222, 224, 225, 226, 227, 228, 229, 230, 231, 232, 233, 234, 235, 236, 237, 238, 239, 240, 242, 244, 245, 246, 256, 257, 258, 261, 262, 263, 264, 265, 268, 269, 270, 271, 273, 274, 275, 276, 277, 278, 279, 281, 282, 283, 284, 285, 286, 288], "excluded_lines": []}, "arches/app/utils/data_management/resource_graphs/importer.py": {"executed_lines": [1, 19, 20, 21, 22, 23, 36, 37, 38, 39, 40, 42, 45, 46, 47, 48, 49, 50, 51, 53, 54, 56, 65, 66, 69, 70, 72, 73, 74, 75, 77, 78, 81, 82, 83, 84, 86, 87, 88, 89, 90, 95, 97, 98, 99, 101, 102, 103, 105, 106, 107, 109, 110, 111, 113, 114, 115, 117, 120, 121, 122, 123, 124, 125, 126, 127, 128, 129, 137, 140, 141, 142, 143, 144, 146, 148, 149, 150, 160, 161, 162, 164, 165, 167, 169, 179, 188, 189, 190, 196, 197, 199, 202], "summary": {"covered_lines": 91, "num_statements": 116, "percent_covered": 78.44827586206897, "percent_covered_display": "78", "missing_lines": 25, "excluded_lines": 0}, "missing_lines": [57, 58, 60, 62, 79, 80, 93, 112, 118, 131, 132, 133, 135, 138, 181, 182, 183, 184, 185, 186, 194, 195, 203, 204, 206], "excluded_lines": []}, "arches/app/utils/data_management/resources/__init__.py": {"executed_lines": [0], "summary": {"covered_lines": 0, "num_statements": 0, "percent_covered": 100.0, "percent_covered_display": "100", "missing_lines": 0, "excluded_lines": 0}, "missing_lines": [], "excluded_lines": []}, "arches/app/utils/data_management/resources/exporter.py": {"executed_lines": [1, 18, 19, 20, 21, 22, 23, 24, 27, 28, 29, 30, 32, 33, 39], "summary": {"covered_lines": 14, "num_statements": 14, "percent_covered": 100.0, "percent_covered_display": "100", "missing_lines": 0, "excluded_lines": 0}, "missing_lines": [], "excluded_lines": []}, "arches/app/utils/data_management/resources/formats/__init__.py": {"executed_lines": [0], "summary": {"covered_lines": 0, "num_statements": 0, "percent_covered": 100.0, "percent_covered_display": "100", "missing_lines": 0, "excluded_lines": 0}, "missing_lines": [], "excluded_lines": []}, "arches/app/utils/data_management/resources/formats/archesfile.py": {"executed_lines": [1, 19, 20, 21, 22, 23, 24, 25, 26, 27, 28, 29, 30, 31, 32, 33, 34, 35, 36, 37, 38, 39, 40, 41, 42, 45, 46, 47, 49, 50, 52, 53, 54, 55, 56, 57, 59, 60, 61, 62, 63, 64, 66, 67, 69, 71, 73, 74, 78, 79, 81, 82, 84, 85, 87, 88, 90, 93, 94, 102, 110, 122, 128, 134, 135, 136, 137, 138, 139, 140, 141, 142, 143, 144, 146, 147, 148, 149, 150, 151, 152, 153, 157, 158, 159, 162, 163, 164, 165, 166, 167, 169, 170, 172, 173, 174, 175, 181, 182, 183, 186, 187, 188, 189, 190, 191, 192, 193, 194, 196, 197, 199, 200, 202, 203, 205, 207, 208, 212, 214, 215, 216, 217, 218, 219, 220, 229, 230, 232, 233, 234, 235, 236, 238, 239, 240, 241, 243, 244, 245, 246, 247, 248, 249, 251, 253, 254, 256, 257, 258, 259, 260, 261, 262, 263, 265, 267, 270, 271, 272, 273, 275, 277, 278, 279, 280, 282, 283, 284, 285, 286, 287, 288, 289, 290, 291, 292, 293, 294, 295, 296, 297, 298, 300, 301, 302, 303, 304, 305, 306, 307, 308, 310, 311, 312, 314, 315, 316, 317, 318, 319, 320, 321, 322, 323, 326, 327, 328, 330, 331, 332, 333, 335, 336, 338, 340, 342, 343, 346, 348, 349, 350, 351, 352, 354, 355, 361, 362, 364, 366, 367, 369, 375, 376, 378, 379, 383, 389, 392, 394, 395, 396, 397, 398, 401], "summary": {"covered_lines": 244, "num_statements": 292, "percent_covered": 83.56164383561644, "percent_covered_display": "84", "missing_lines": 48, "excluded_lines": 0}, "missing_lines": [76, 95, 96, 97, 98, 99, 100, 103, 104, 105, 106, 107, 108, 111, 112, 113, 114, 115, 116, 117, 118, 119, 120, 126, 132, 160, 184, 221, 222, 223, 225, 227, 274, 334, 344, 356, 385, 386, 402, 403, 404, 405, 406, 407, 408, 409, 411, 412], "excluded_lines": []}, "arches/app/utils/data_management/resources/formats/csvfile.py": {"executed_lines": [1, 2, 3, 4, 5, 6, 7, 8, 9, 10, 11, 12, 13, 14, 15, 16, 17, 18, 19, 29, 30, 31, 32, 33, 34, 35, 36, 37, 38, 40, 43, 44, 45, 47, 50, 51, 52, 53, 57, 58, 60, 61, 63, 67, 68, 69, 71, 72, 75, 77, 78, 81, 82, 83, 84, 85, 86, 90, 92, 94, 95, 97, 98, 101, 103, 104, 105, 106, 107, 111, 112, 113, 114, 115, 116, 117, 118, 120, 121, 122, 123, 124, 125, 127, 129, 130, 131, 132, 134, 135, 136, 137, 141, 142, 143, 144, 145, 146, 147, 152, 153, 154, 155, 156, 157, 158, 162, 165, 167, 183, 185, 187, 190, 191, 193, 195, 218, 219, 220, 221, 222, 223, 224, 225, 226, 227, 228, 230, 231, 233, 235, 236, 237, 239, 240, 241, 254, 255, 256, 257, 259, 262, 268, 271, 272, 282, 294, 302, 314, 324, 337, 382, 383, 384, 385, 387, 401, 402, 403, 410, 412, 425, 426, 427, 428, 429, 455, 460, 463, 464, 466, 467, 468, 469, 470, 471, 472, 473, 474, 475, 476, 478, 480, 492, 494, 495, 497, 498, 499, 500, 501, 502, 504, 505, 506, 509, 510, 511, 512, 513, 515, 516, 517, 527, 529, 531, 532, 534, 535, 537, 539, 543, 545, 547, 550, 551, 558, 560, 561, 562, 563, 564, 565, 575, 576, 577, 578, 579, 580, 581, 582, 585, 591, 592, 593, 594, 595, 596, 597, 598, 599, 602, 603, 604, 606, 608, 611, 612, 614, 637, 649, 766, 769, 770, 771, 772, 773, 775, 776, 777, 778, 780, 781, 782, 783, 791, 792, 793, 794, 795, 800, 801, 802, 803, 804, 805, 807, 809, 814, 815, 816, 817, 818, 819, 820, 827, 835, 837, 838, 839, 840, 841, 842, 846, 847, 848, 850, 856, 858, 860, 862, 863, 864, 865, 866, 867, 868, 869, 884, 885, 886, 887, 888, 890, 891, 893, 894, 895, 897, 898, 912, 913, 914, 916, 918, 920, 921, 930, 931, 932, 933, 945, 946, 948, 951, 958, 960, 961, 963, 966, 967, 969, 971, 972, 974, 977, 981, 982, 983, 985, 986, 987, 992, 997, 1005, 1009, 1011, 1014, 1015, 1016, 1017, 1018, 1019, 1021, 1023, 1024, 1025, 1026, 1027, 1028, 1031, 1033, 1034, 1035, 1036, 1037, 1038, 1039, 1040, 1041, 1047, 1051, 1053, 1055, 1056, 1057, 1058, 1060, 1061, 1062, 1064, 1066, 1068, 1070, 1071, 1073, 1074, 1076, 1077, 1079, 1080, 1081, 1082, 1087, 1094, 1097, 1101, 1109, 1110, 1112, 1114, 1115, 1118, 1119, 1122, 1123, 1136, 1139, 1140, 1150, 1151, 1152, 1159, 1160, 1165], "summary": {"covered_lines": 425, "num_statements": 701, "percent_covered": 60.62767475035663, "percent_covered_display": "61", "missing_lines": 276, "excluded_lines": 0}, "missing_lines": [48, 73, 108, 109, 119, 138, 139, 169, 170, 171, 172, 173, 174, 178, 181, 188, 196, 197, 198, 199, 200, 201, 202, 203, 205, 206, 207, 208, 214, 215, 216, 217, 263, 264, 265, 266, 273, 274, 275, 277, 278, 279, 280, 283, 285, 286, 288, 289, 290, 292, 295, 296, 297, 298, 300, 303, 304, 306, 307, 309, 310, 312, 315, 316, 317, 318, 319, 320, 322, 330, 331, 332, 333, 334, 335, 340, 342, 344, 348, 350, 351, 352, 353, 354, 355, 356, 357, 358, 359, 361, 362, 363, 365, 366, 367, 368, 369, 370, 371, 372, 373, 374, 375, 376, 377, 379, 413, 414, 415, 416, 417, 418, 422, 423, 431, 433, 434, 440, 441, 442, 443, 444, 450, 451, 452, 461, 525, 538, 541, 542, 548, 554, 555, 556, 566, 567, 568, 572, 573, 574, 609, 615, 616, 620, 621, 622, 623, 627, 628, 629, 630, 633, 634, 635, 638, 639, 640, 641, 645, 646, 647, 650, 651, 652, 653, 654, 655, 658, 660, 661, 663, 664, 668, 669, 670, 673, 675, 676, 677, 680, 688, 689, 690, 694, 695, 696, 697, 704, 712, 713, 714, 716, 717, 719, 720, 721, 722, 723, 731, 732, 735, 736, 738, 739, 742, 743, 744, 745, 753, 754, 755, 758, 759, 761, 762, 763, 764, 767, 784, 789, 790, 821, 822, 828, 829, 830, 831, 833, 843, 844, 845, 852, 854, 861, 922, 923, 924, 925, 926, 927, 928, 934, 935, 936, 940, 941, 942, 943, 947, 949, 962, 1000, 1032, 1095, 1102, 1103, 1104, 1105, 1120, 1137, 1138, 1142, 1143, 1144, 1145, 1146, 1147, 1153, 1154, 1156, 1161, 1162, 1163, 1166, 1167, 1171], "excluded_lines": []}, "arches/app/utils/data_management/resources/formats/format.py": {"executed_lines": [1, 2, 3, 4, 5, 6, 7, 8, 9, 10, 11, 12, 13, 14, 15, 16, 17, 18, 19, 22, 23, 26, 30, 31, 32, 33, 34, 35, 36, 37, 39, 40, 42, 43, 45, 46, 47, 49, 50, 52, 53, 55, 59, 60, 61, 62, 69, 70, 71, 72, 74, 77, 80, 81, 83, 84, 92, 93, 94, 97, 99, 101, 102, 104, 105, 107, 115, 116, 118, 126, 127, 129, 131, 132, 133, 178, 180, 181, 182, 184, 190, 191, 192, 210, 212, 214, 215, 216, 217, 222, 223, 224, 225, 226, 227, 228, 229, 230, 232, 240, 242, 252, 263, 264, 265, 266, 268, 271, 272, 273, 275, 276, 278, 279, 280, 281, 282, 283, 287, 289, 290, 291, 292, 293, 294, 296, 298, 299, 300, 301, 302], "summary": {"covered_lines": 131, "num_statements": 179, "percent_covered": 73.18435754189944, "percent_covered_display": "73", "missing_lines": 48, "excluded_lines": 0}, "missing_lines": [24, 27, 56, 57, 75, 78, 85, 87, 88, 90, 95, 108, 110, 134, 139, 140, 143, 144, 145, 150, 151, 154, 155, 156, 157, 158, 159, 160, 161, 162, 163, 164, 176, 193, 194, 195, 196, 197, 199, 200, 208, 218, 219, 250, 269, 274, 284, 285], "excluded_lines": []}, "arches/app/utils/data_management/resources/formats/htmlfile.py": {"executed_lines": [1, 2, 3, 4, 5, 6, 7, 8, 9, 10, 11, 12, 15, 18, 19, 22, 23, 35, 36, 37, 51, 62, 116, 140], "summary": {"covered_lines": 24, "num_statements": 81, "percent_covered": 29.62962962962963, "percent_covered_display": "30", "missing_lines": 57, "excluded_lines": 0}, "missing_lines": [20, 27, 28, 29, 30, 31, 33, 41, 42, 43, 44, 45, 46, 47, 48, 49, 52, 53, 54, 55, 56, 57, 58, 59, 60, 79, 80, 81, 82, 83, 84, 85, 86, 87, 97, 98, 99, 100, 110, 111, 112, 114, 127, 128, 129, 130, 132, 133, 136, 138, 145, 146, 147, 148, 149, 150, 152], "excluded_lines": []}, "arches/app/utils/data_management/resources/formats/rdffile.py": {"executed_lines": [1, 2, 3, 4, 5, 6, 7, 8, 9, 10, 11, 12, 13, 14, 15, 16, 17, 18, 19, 20, 21, 22, 23, 27, 30, 31, 32, 35, 36, 37, 39, 43, 44, 45, 47, 48, 49, 50, 51, 52, 55, 58, 59, 60, 61, 62, 64, 74, 75, 76, 77, 78, 80, 81, 82, 84, 85, 86, 88, 89, 90, 91, 92, 94, 95, 97, 98, 99, 104, 105, 106, 107, 108, 109, 110, 111, 114, 115, 116, 117, 120, 124, 126, 127, 128, 129, 131, 134, 135, 136, 137, 138, 139, 140, 141, 142, 144, 145, 146, 150, 151, 155, 162, 163, 164, 166, 174, 175, 176, 177, 178, 179, 180, 182, 183, 186, 187, 188, 189, 191, 192, 195, 197, 198, 201, 206, 208, 209, 210, 211, 215, 216, 217, 218, 221, 222, 226, 227, 228, 229, 230, 231, 234, 235, 237, 238, 239, 241, 243, 245, 246, 248, 249, 251, 254, 256, 257, 258, 262, 263, 267, 269, 270, 271, 272, 274, 275, 276, 277, 278, 279, 282, 283, 284, 285, 286, 287, 288, 289, 290, 291, 292, 293, 294, 295, 296, 297, 298, 300, 301, 302, 303, 304, 305, 306, 307, 308, 310, 311, 312, 313, 314, 315, 316, 317, 318, 319, 320, 321, 322, 323, 324, 325, 327, 328, 329, 330, 331, 332, 333, 334, 335, 336, 337, 338, 339, 340, 341, 342, 344, 345, 346, 347, 348, 350, 351, 352, 353, 354, 355, 356, 358, 359, 360, 362, 364, 366, 379, 380, 382, 383, 386, 387, 388, 389, 390, 391, 392, 394, 395, 397, 401, 402, 406, 407, 408, 411, 414, 421, 423, 424, 425, 426, 427, 431, 432, 434, 435, 436, 437, 439, 440, 441, 442, 446, 447, 449, 458, 459, 461, 462, 463, 464, 465, 466, 467, 468, 470, 471, 472, 473, 476, 477, 478, 479, 481, 482, 486, 487, 493, 494, 501, 502, 503, 504, 505, 512, 513, 515, 516, 518, 519, 520, 521, 522, 523, 524, 526, 539, 549, 550, 551, 552, 553, 554, 555, 556, 559, 560, 561, 562, 566, 567, 570, 582, 583, 584, 585, 586, 587, 590, 591, 592, 612, 613, 619, 620, 622, 623, 626, 627, 628, 629, 630, 635, 636, 638, 639, 640, 641, 642, 643, 645, 647, 653, 654, 657, 658, 659, 660, 661, 662, 663, 664, 666, 672, 674, 675, 680, 684, 686, 689, 691, 692, 694, 695, 697, 698, 699, 700, 701, 702, 703, 706, 708, 710, 712, 713, 716, 717, 718, 720, 726, 727, 730, 742, 743, 744, 745, 746, 747, 748, 749, 752, 753, 754, 774, 775, 777, 779, 780, 782, 783, 784, 786, 787, 788, 789, 791, 796, 797, 798, 799, 801, 802, 803, 804, 806, 809, 810, 811, 812, 813, 814, 817, 819, 823, 826, 828, 830, 831, 835, 836, 838, 845, 846, 847, 848, 849, 851, 852, 854, 855, 856, 858, 860, 861, 862, 863, 864, 868, 870, 871, 872, 873, 875, 877, 879, 880, 881, 882, 884, 885, 886, 887, 889, 891, 892, 894, 911, 912, 913, 914], "summary": {"covered_lines": 503, "num_statements": 618, "percent_covered": 81.3915857605178, "percent_covered_display": "81", "missing_lines": 115, "excluded_lines": 0}, "missing_lines": [65, 67, 68, 69, 71, 72, 112, 113, 132, 156, 157, 202, 203, 204, 220, 252, 259, 260, 261, 368, 369, 370, 372, 373, 374, 376, 377, 381, 398, 403, 404, 412, 415, 416, 417, 418, 419, 495, 506, 508, 509, 510, 511, 527, 528, 529, 530, 531, 532, 533, 534, 535, 536, 537, 540, 541, 542, 543, 544, 545, 546, 547, 557, 593, 597, 598, 599, 600, 601, 602, 604, 607, 608, 609, 610, 648, 649, 651, 656, 670, 671, 688, 704, 755, 759, 760, 761, 762, 763, 764, 766, 769, 770, 771, 772, 837, 859, 865, 866, 867, 869, 895, 896, 897, 898, 899, 900, 901, 902, 903, 904, 905, 906, 907, 908], "excluded_lines": []}, "arches/app/utils/data_management/resources/importer.py": {"executed_lines": [1, 2, 3, 4, 5, 6, 7, 8, 9, 10, 11, 12, 13, 14, 15, 16, 17, 23, 24, 25, 26, 27, 28, 29, 30, 31, 32, 33, 36, 46, 47, 48, 49, 50, 51, 52, 53, 54, 55, 56, 60, 63, 64, 65, 66, 67, 68, 78, 79, 89, 90, 91, 92, 96, 97, 101, 102, 103, 104, 108, 109, 110, 111, 112, 113, 114, 115, 116, 117, 118, 119, 120, 121, 122, 123, 155, 156, 157, 158, 159, 160, 161, 162, 163, 164, 165, 167, 169, 170, 171, 172, 173, 174, 175, 177, 190, 191, 193, 194, 195, 196, 197, 198, 199, 201, 203, 204, 207, 223, 224, 225, 243, 244, 246, 247, 251, 253, 254, 255, 256, 258, 260, 261, 262, 263, 264, 265, 271], "summary": {"covered_lines": 128, "num_statements": 198, "percent_covered": 64.64646464646465, "percent_covered_display": "65", "missing_lines": 70, "excluded_lines": 0}, "missing_lines": [40, 41, 42, 43, 57, 58, 61, 69, 70, 71, 75, 76, 80, 81, 82, 86, 87, 93, 94, 98, 99, 106, 124, 125, 126, 127, 128, 129, 130, 131, 132, 133, 134, 135, 136, 137, 138, 139, 144, 145, 146, 147, 148, 149, 151, 153, 208, 209, 210, 211, 212, 213, 215, 216, 217, 236, 237, 241, 266, 267, 268, 272, 273, 274, 275, 276, 277, 278, 279, 280], "excluded_lines": []}, "arches/app/utils/date_utils.py": {"executed_lines": [1, 2, 3, 4, 5, 6, 29, 30, 31, 32, 33, 34, 37, 38, 49, 50, 51, 52, 53, 54, 55, 56, 57, 58, 60, 61, 62, 64, 65, 66, 67, 68, 73, 74, 75, 77, 78, 79, 80, 82, 85, 86, 88, 89, 90, 91, 92, 94, 95, 96, 97, 99, 100, 101, 102, 104, 105, 107, 108, 109, 110, 112, 113, 114, 115, 116, 118, 122, 128, 129, 130, 131, 132, 133, 134, 135, 136, 137, 138, 139, 140, 141, 142, 143, 144, 146, 147, 148, 149, 150, 151, 155, 156, 158, 159, 160, 161, 163, 164, 165, 166, 167, 169, 170, 171, 172, 175, 177, 178, 179, 180, 181, 182, 185, 186, 187, 188, 190, 192, 194, 195, 196, 197, 198, 200, 202, 204, 205, 207, 209, 210, 211, 213, 215, 216, 218, 219, 220, 222, 223, 224, 226, 228, 229, 230, 232, 233, 234, 235, 236, 237, 239, 240, 242, 244, 245, 246, 247, 248, 250, 252, 253, 254, 256, 257, 258, 259, 260, 261, 262, 264, 266, 268, 269, 270, 271, 272, 273, 275, 276, 277, 278, 279, 280, 282, 283, 285, 286, 288, 292, 293, 294, 298, 303, 304], "summary": {"covered_lines": 195, "num_statements": 209, "percent_covered": 93.30143540669856, "percent_covered_display": "93", "missing_lines": 14, "excluded_lines": 0}, "missing_lines": [69, 70, 71, 119, 120, 153, 173, 174, 289, 290, 291, 295, 296, 300], "excluded_lines": []}, "arches/app/utils/decorators.py": {"executed_lines": [1, 19, 20, 21, 22, 23, 24, 25, 26, 27, 28, 29, 30, 31, 34, 37, 62, 68, 69, 70, 71, 72, 73, 75, 77, 80, 81, 82, 83, 84, 85, 87, 90, 93, 99, 100, 101, 102, 103, 105, 108, 111, 129, 139, 140, 141, 148], "summary": {"covered_lines": 46, "num_statements": 66, "percent_covered": 69.6969696969697, "percent_covered_display": "70", "missing_lines": 20, "excluded_lines": 0}, "missing_lines": [43, 44, 45, 46, 52, 53, 57, 59, 117, 118, 119, 120, 121, 123, 126, 135, 142, 143, 144, 146], "excluded_lines": []}, "arches/app/utils/email_auth_backend.py": {"executed_lines": [1, 2, 5, 6, 7, 8, 9, 10, 13, 14, 18, 23, 24, 26, 27, 28], "summary": {"covered_lines": 16, "num_statements": 19, "percent_covered": 84.21052631578948, "percent_covered_display": "84", "missing_lines": 3, "excluded_lines": 0}, "missing_lines": [12, 29, 30], "excluded_lines": []}, "arches/app/utils/exceptions.py": {"executed_lines": [1, 2, 3, 4, 7, 8, 9], "summary": {"covered_lines": 7, "num_statements": 7, "percent_covered": 100.0, "percent_covered_display": "100", "missing_lines": 0, "excluded_lines": 0}, "missing_lines": [], "excluded_lines": []}, "arches/app/utils/external_oauth_backend.py": {"executed_lines": [1, 2, 3, 4, 5, 6, 7, 8, 9, 10, 11, 12, 13, 14, 16, 19, 20, 21, 22, 23, 106, 114, 120, 121, 122, 123, 124, 129, 130, 131, 138, 140, 141, 143, 144, 146, 154, 174], "summary": {"covered_lines": 38, "num_statements": 134, "percent_covered": 28.35820895522388, "percent_covered_display": "28", "missing_lines": 96, "excluded_lines": 0}, "missing_lines": [25, 26, 27, 28, 29, 30, 31, 33, 34, 35, 41, 42, 43, 45, 46, 47, 48, 50, 51, 52, 53, 54, 55, 57, 59, 61, 63, 64, 65, 66, 69, 70, 71, 72, 73, 74, 75, 78, 79, 80, 81, 83, 84, 86, 87, 88, 90, 91, 92, 99, 100, 102, 103, 104, 111, 112, 115, 116, 117, 118, 125, 126, 127, 132, 133, 134, 135, 136, 142, 148, 149, 150, 151, 152, 156, 157, 158, 159, 161, 162, 163, 164, 165, 166, 167, 168, 169, 170, 172, 176, 177, 178, 179, 180, 182, 184], "excluded_lines": []}, "arches/app/utils/file_validator.py": {"executed_lines": [1, 2, 3, 4, 5, 6, 7, 8, 11, 12, 15, 49], "summary": {"covered_lines": 12, "num_statements": 65, "percent_covered": 18.46153846153846, "percent_covered_display": "18", "missing_lines": 53, "excluded_lines": 0}, "missing_lines": [13, 16, 17, 18, 19, 20, 21, 22, 23, 24, 25, 26, 27, 28, 29, 30, 31, 32, 33, 34, 35, 36, 37, 39, 40, 41, 43, 44, 45, 47, 50, 51, 52, 53, 54, 55, 56, 58, 59, 60, 61, 62, 63, 66, 67, 68, 69, 71, 72, 73, 74, 76, 78], "excluded_lines": []}, "arches/app/utils/flatten_dict.py": {"executed_lines": [1, 21], "summary": {"covered_lines": 1, "num_statements": 14, "percent_covered": 7.142857142857143, "percent_covered_display": "7", "missing_lines": 13, "excluded_lines": 0}, "missing_lines": [30, 32, 33, 34, 35, 36, 37, 38, 39, 40, 42, 44, 45], "excluded_lines": []}, "arches/app/utils/forms.py": {"executed_lines": [1, 19, 20, 21, 22, 23, 24, 25, 26, 27, 30, 31, 36, 47, 48, 49, 50, 52, 53, 54, 56, 72, 73, 78, 79, 80, 81, 82, 83, 84, 85, 87, 88, 89, 91, 94, 108, 109, 112, 113, 114], "summary": {"covered_lines": 38, "num_statements": 63, "percent_covered": 60.317460317460316, "percent_covered_display": "60", "missing_lines": 25, "excluded_lines": 0}, "missing_lines": [37, 38, 39, 40, 41, 42, 43, 44, 45, 57, 58, 59, 60, 92, 95, 96, 97, 98, 99, 100, 101, 102, 103, 104, 105], "excluded_lines": []}, "arches/app/utils/geo_utils.py": {"executed_lines": [1, 2, 3, 4, 7, 8, 22, 23, 24, 25, 26, 28, 34, 35, 36, 38, 43, 44, 45, 47, 58], "summary": {"covered_lines": 21, "num_statements": 43, "percent_covered": 48.83720930232558, "percent_covered_display": "49", "missing_lines": 22, "excluded_lines": 0}, "missing_lines": [14, 15, 16, 17, 18, 19, 20, 48, 49, 50, 51, 52, 53, 54, 55, 56, 64, 65, 66, 67, 68, 69], "excluded_lines": []}, "arches/app/utils/i18n.py": {"executed_lines": [1, 2, 3, 4, 5, 6, 7, 8, 9, 10, 11, 12, 13, 16, 19, 52, 83, 84, 87, 88, 89, 98, 101, 104, 110, 111, 112, 113, 115, 117, 118, 119, 120, 121, 122, 124, 125, 126, 127, 128, 129, 130, 131, 133, 136, 137, 139, 141, 142, 143, 144, 145, 146, 147, 152, 154, 156, 159, 160, 161, 163, 165, 166, 167, 177, 180, 181, 183, 184, 185, 186, 188, 190, 191, 193, 195, 196, 197, 198, 199, 200, 201, 202, 203, 204, 205, 206, 208, 209, 210, 211, 212, 213, 214, 215, 219, 223, 226, 228, 230, 231, 232, 233, 234, 236, 238, 239, 240, 241, 244, 245, 248, 249, 251, 252, 253, 254, 256, 258, 259, 262, 263, 265, 266, 267, 268, 269, 270, 271, 272, 273, 275, 277, 278, 279, 281, 282, 283, 284, 285, 286, 288, 290, 292, 293, 294, 295, 297, 298, 299, 302, 303, 304, 306, 307, 308, 311, 312, 314, 315, 323, 324, 325, 326], "summary": {"covered_lines": 161, "num_statements": 191, "percent_covered": 84.29319371727749, "percent_covered_display": "84", "missing_lines": 30, "excluded_lines": 0}, "missing_lines": [32, 33, 34, 35, 36, 37, 38, 39, 40, 41, 42, 43, 44, 45, 46, 47, 49, 85, 91, 92, 93, 95, 96, 99, 149, 150, 157, 216, 217, 224], "excluded_lines": []}, "arches/app/utils/index_database.py": {"executed_lines": [1, 2, 3, 5, 7, 8, 9, 10, 11, 12, 13, 14, 15, 16, 17, 18, 19, 20, 21, 22, 25, 26, 27, 28, 30, 31, 34, 39, 42, 43, 44, 45, 48, 69, 70, 78, 81, 102, 108, 119, 187, 202, 204, 207, 213, 214, 220, 222, 224, 225, 228, 231, 232, 233, 234, 235, 236, 238, 239, 240, 241, 242, 243, 244, 245, 247, 250, 251, 252, 254, 257, 282, 284, 290, 291, 293, 294, 296, 297, 298, 299, 300, 301, 302, 304, 305, 306, 307, 309, 322, 324, 325, 329, 330, 331, 332, 333, 334, 339, 342, 350, 362, 363, 371, 381, 382, 383, 384, 388, 389, 390, 393, 402, 403, 405, 406, 407, 408, 410, 411, 412, 436, 437, 438, 447, 448, 451, 463, 464, 465, 467, 474], "summary": {"covered_lines": 132, "num_statements": 213, "percent_covered": 61.971830985915496, "percent_covered_display": "62", "missing_lines": 81, "excluded_lines": 0}, "missing_lines": [40, 122, 123, 124, 125, 127, 128, 129, 130, 131, 133, 134, 135, 136, 137, 138, 139, 141, 143, 144, 146, 147, 148, 149, 150, 152, 153, 155, 156, 157, 158, 159, 160, 162, 164, 165, 166, 167, 168, 169, 171, 173, 174, 175, 176, 177, 183, 184, 246, 285, 286, 287, 288, 310, 313, 344, 345, 346, 364, 365, 367, 368, 385, 386, 452, 461, 490, 492, 493, 494, 495, 496, 498, 500, 501, 502, 503, 505, 506, 514, 522], "excluded_lines": []}, "arches/app/utils/label_based_graph.py": {"executed_lines": [1, 2, 4, 5, 6, 7, 9, 12, 13, 14, 15, 16, 17, 18, 19, 21, 22, 24, 25, 27, 28, 29, 31, 33, 34, 36, 37, 38, 39, 40, 44, 45, 49, 50, 52, 53, 54, 57, 58, 59, 60, 61, 63, 65, 66, 67, 68, 69, 70, 71, 72, 73, 75, 78, 79, 80, 85, 86, 88, 89, 90, 92, 93, 95, 96, 97, 98, 100, 101, 103, 105, 106, 12
[...]
78, 79, 80, 84, 85, 86, 88, 89, 90, 91, 94, 95, 96, 98, 99, 100, 101, 104, 105, 106, 108, 109, 110, 111, 114, 115, 116, 118, 119, 120, 121, 124, 125, 126, 128, 129, 130, 131, 134, 135, 136, 138, 139, 140, 141, 144, 145, 146, 148, 149, 150, 151, 154, 155, 156, 158, 159, 160, 161, 164, 165, 166, 168, 169, 170, 171, 174, 175, 176, 178, 179, 180, 181, 184, 185, 186, 188, 189, 190, 191, 194, 195, 196, 198, 199, 200, 201, 204, 205, 206, 208, 218, 219, 220, 221, 224, 225, 226, 228, 229, 230, 231, 234, 235, 236, 238, 239, 240, 241, 244, 245, 246, 248, 249, 250, 251, 254, 255, 256], "summary": {"covered_lines": 160, "num_statements": 166, "percent_covered": 96.3855421686747, "percent_covered_display": "96", "missing_lines": 6, "excluded_lines": 0}, "missing_lines": [209, 210, 211, 214, 215, 216], "excluded_lines": []}, "tests/models/mapped_csv_import_tests.py": {"executed_lines": [1, 19, 20, 21, 22, 23, 24, 25, 26, 27, 28, 29, 36, 37, 38, 39, 40, 41, 43, 44, 46, 47, 48, 50, 51, 52, 54, 55, 56, 58, 59, 60, 62, 63, 64, 65, 67, 68, 69, 70, 71, 72, 73, 75, 76, 77, 78, 79, 80, 81, 83, 84, 85, 86, 87, 88, 89, 91, 92, 93, 94, 95, 96, 97, 99, 100, 101, 102, 103, 104, 105, 107, 108, 109, 110, 111, 112, 113, 115, 116, 117, 118, 119, 120, 121, 123, 124, 125, 126, 127, 128, 129, 131, 132, 133, 134, 135, 136, 137, 139, 140, 141, 142, 143, 144, 145, 147, 148, 149, 150, 151, 152, 153, 155, 156, 157, 158, 159, 160, 161], "summary": {"covered_lines": 119, "num_statements": 119, "percent_covered": 100.0, "percent_covered_display": "100", "missing_lines": 0, "excluded_lines": 0}, "missing_lines": [], "excluded_lines": []}, "tests/models/relational_data_model_tests.py": {"executed_lines": [1, 19, 20, 21, 22, 23, 24, 25, 26, 33, 34, 35, 36, 37, 39, 40, 41, 43, 44, 45, 52, 53, 54, 55, 56, 62, 68, 69, 71, 72, 74, 79, 80, 81, 85, 86, 87, 88, 90, 101, 102, 104], "summary": {"covered_lines": 41, "num_statements": 41, "percent_covered": 100.0, "percent_covered_display": "100", "missing_lines": 0, "excluded_lines": 0}, "missing_lines": [], "excluded_lines": []}, "tests/models/resource_test.py": {"executed_lines": [1, 19, 20, 21, 23, 24, 25, 26, 27, 28, 29, 30, 31, 32, 33, 34, 35, 36, 37, 38, 45, 46, 47, 48, 50, 52, 54, 55, 57, 58, 59, 61, 62, 63, 64, 65, 66, 67, 69, 70, 72, 73, 75, 76, 79, 102, 103, 104, 107, 108, 109, 112, 115, 119, 122, 123, 126, 127, 130, 134, 135, 137, 140, 142, 143, 144, 145, 146, 147, 149, 153, 154, 155, 156, 158, 162, 163, 164, 166, 170, 171, 172, 174, 179, 180, 181, 182, 184, 185, 186, 187, 189, 193, 194, 195, 197, 201, 202, 203, 205, 209, 210, 211, 213, 218, 219, 221, 223, 228, 229, 231, 238, 239, 240, 241, 242, 245, 249, 251, 253, 258, 259, 260, 261, 262, 263, 264, 265, 267, 268, 269, 270, 274, 275, 279, 280, 281, 284, 285, 287, 291, 295, 299, 304, 306, 309, 311, 313, 314, 315, 322, 331, 355, 356, 371, 377, 378, 381], "summary": {"covered_lines": 157, "num_statements": 157, "percent_covered": 100.0, "percent_covered_display": "100", "missing_lines": 0, "excluded_lines": 0}, "missing_lines": [], "excluded_lines": []}, "tests/models/tile_model_tests.py": {"executed_lines": [1, 18, 19, 20, 21, 22, 23, 24, 25, 26, 27, 34, 35, 36, 37, 38, 39, 41, 42, 43, 63, 64, 66, 72, 108, 110, 111, 112, 114, 119, 121, 144, 145, 147, 149, 151, 157, 170, 171, 173, 175, 176, 177, 179, 185, 187, 195, 196, 197, 198, 200, 202, 208, 210, 218, 219, 220, 221, 223, 225, 232, 250, 251, 252, 253, 254, 256, 257, 258, 259, 260, 261, 262, 263, 265, 266, 267, 268, 269, 271, 272, 273, 280, 281, 282, 283, 284, 286, 287, 289, 291, 298, 299, 306, 307, 308, 309, 311, 318, 320, 321, 323, 329, 337, 338, 339, 340, 341, 342, 343, 344, 345, 346, 347, 348, 349, 351, 357, 365, 366, 367, 368, 369, 371, 373, 379, 387, 388, 390, 391, 392, 393, 394, 396, 397, 398, 399, 400, 402, 404, 405, 412, 414, 422, 430, 431, 433, 434, 435, 436, 438, 439, 440, 442, 444, 451, 479, 480, 481, 482, 483, 484, 486, 487, 489, 490, 492, 493, 494, 495, 506, 508, 518, 521, 543, 544, 546, 547, 549, 550, 551, 561, 588, 590, 591, 598, 600, 607, 609, 610, 613, 617, 624, 625], "summary": {"covered_lines": 193, "num_statements": 193, "percent_covered": 100.0, "percent_covered_display": "100", "missing_lines": 0, "excluded_lines": 0}, "missing_lines": [], "excluded_lines": []}, "tests/permissions/__init__.py": {"executed_lines": [0], "summary": {"covered_lines": 0, "num_statements": 0, "percent_covered": 100.0, "percent_covered_display": "100", "missing_lines": 0, "excluded_lines": 0}, "missing_lines": [], "excluded_lines": []}, "tests/permissions/permission_tests.py": {"executed_lines": [1, 16, 17, 18, 19, 20, 21, 22, 23, 24, 25, 26, 27, 28, 29, 30, 31, 32, 33, 34, 35, 41, 42, 43, 44, 45, 46, 47, 48, 49, 50, 51, 53, 54, 56, 57, 58, 69, 70, 71, 72, 74, 75, 76, 81, 82, 83, 84, 87, 88, 89, 91, 92, 95, 101, 102, 103, 104, 105, 106, 107, 111, 117, 118, 119, 120, 121, 122, 123, 125, 130, 131, 132, 133, 134, 135, 136, 137, 139, 141, 152], "summary": {"covered_lines": 80, "num_statements": 82, "percent_covered": 97.5609756097561, "percent_covered_display": "98", "missing_lines": 2, "excluded_lines": 0}, "missing_lines": [78, 79], "excluded_lines": []}, "tests/run_tests.py": {"executed_lines": [1, 20, 21, 22, 23, 26, 38], "summary": {"covered_lines": 6, "num_statements": 14, "percent_covered": 42.857142857142854, "percent_covered_display": "43", "missing_lines": 8, "excluded_lines": 0}, "missing_lines": [27, 29, 30, 32, 33, 34, 35, 39], "excluded_lines": []}, "tests/search/__init__.py": {"executed_lines": [0], "summary": {"covered_lines": 0, "num_statements": 0, "percent_covered": 100.0, "percent_covered_display": "100", "missing_lines": 0, "excluded_lines": 0}, "missing_lines": [], "excluded_lines": []}, "tests/search/search_tests.py": {"executed_lines": [1, 19, 20, 22, 23, 24, 30, 31, 32, 33, 34, 35, 36, 37, 39, 45, 47, 48, 49, 50, 51, 53, 55, 56, 57, 59, 61, 63, 69, 70, 71, 73, 74, 75, 76, 81, 83, 84, 85, 87, 88, 89, 90, 92, 93, 94, 95, 97, 98], "summary": {"covered_lines": 48, "num_statements": 48, "percent_covered": 100.0, "percent_covered_display": "100", "missing_lines": 0, "excluded_lines": 0}, "missing_lines": [], "excluded_lines": []}, "tests/test_settings.py": {"executed_lines": [1, 19, 20, 21, 22, 24, 25, 29, 30, 31, 32, 33, 35, 37, 38, 44, 46, 48, 49, 51, 57, 67, 69, 71, 72, 75, 77, 78, 80, 82, 83, 85, 86, 87, 95, 97, 98, 99, 100, 102], "summary": {"covered_lines": 39, "num_statements": 45, "percent_covered": 86.66666666666667, "percent_covered_display": "87", "missing_lines": 6, "excluded_lines": 0}, "missing_lines": [26, 27, 103, 104, 105, 106], "excluded_lines": []}, "tests/utils/__init__.py": {"executed_lines": [0], "summary": {"covered_lines": 0, "num_statements": 0, "percent_covered": 100.0, "percent_covered_display": "100", "missing_lines": 0, "excluded_lines": 0}, "missing_lines": [], "excluded_lines": []}, "tests/utils/activitystream.py": {"executed_lines": [1, 19, 20, 21, 22, 23, 25, 26, 27, 28, 29, 30, 31, 32, 33, 34, 36, 37, 38, 40, 42, 44, 47, 48, 49, 50, 51, 52, 59, 61, 62, 63, 64, 65, 66, 67, 68, 69, 70, 71, 72, 73, 74, 75, 76, 77, 78, 79, 80, 81, 82, 83, 84, 85, 87, 88, 89, 92, 93, 97, 98, 99, 100, 101, 103, 105, 106, 107, 108, 111, 112, 113, 114, 116, 118, 119, 121, 122, 123, 125, 126, 127, 128, 129, 131, 132, 133], "summary": {"covered_lines": 85, "num_statements": 85, "percent_covered": 100.0, "percent_covered_display": "100", "missing_lines": 0, "excluded_lines": 0}, "missing_lines": [], "excluded_lines": []}, "tests/utils/compatibility_tests.py": {"executed_lines": [1, 19, 20, 21, 28, 29, 30, 32, 33, 34, 35, 37, 38, 39, 40, 43, 44, 45, 46], "summary": {"covered_lines": 18, "num_statements": 18, "percent_covered": 100.0, "percent_covered_display": "100", "missing_lines": 0, "excluded_lines": 0}, "missing_lines": [], "excluded_lines": []}, "tests/utils/datatype_tests.py": {"executed_lines": [1, 19, 20, 21, 22, 29, 30, 31, 33, 34, 35, 36, 38, 39, 40, 41, 43, 44, 46, 47, 48, 51, 55, 56, 59, 60, 61, 62, 63, 64, 65, 67, 68, 69, 70, 71, 72, 73, 74, 76, 77, 78, 79, 81, 88, 89, 91, 93, 103, 104, 106, 109, 110, 111, 112, 113, 114, 115, 117, 118, 119, 120, 121, 123, 130, 131, 132, 133, 134, 137, 138, 139, 142, 143, 145, 146, 148, 149, 151, 152, 154, 155, 157, 158, 160, 167, 168, 169, 170, 171, 173, 180, 181, 182, 183, 184, 186, 187, 189, 190, 192, 199, 200, 201, 203, 204, 206, 207, 209, 216, 217, 218, 219, 220], "summary": {"covered_lines": 113, "num_statements": 117, "percent_covered": 96.58119658119658, "percent_covered_display": "97", "missing_lines": 4, "excluded_lines": 0}, "missing_lines": [49, 50, 52, 53], "excluded_lines": []}, "tests/utils/date_utils_tests.py": {"executed_lines": [1, 19, 20, 21, 26, 179, 191, 201, 212, 218, 219, 220, 221, 222, 224, 226, 228, 229, 230, 231, 232, 234, 235, 236, 237, 238, 239, 240, 241, 242, 243, 244, 245, 246, 247, 248, 249, 253, 254, 255, 256, 258, 259, 260, 261, 263, 264, 265, 266, 268, 269, 270, 271, 273, 274, 275, 276], "summary": {"covered_lines": 56, "num_statements": 57, "percent_covered": 98.24561403508773, "percent_covered_display": "98", "missing_lines": 1, "excluded_lines": 0}, "missing_lines": [251], "excluded_lines": []}, "tests/utils/i18n.py": {"executed_lines": [1, 2, 4, 5, 10, 11, 12, 13, 15, 16, 17, 20, 21, 22, 25, 26, 27, 28, 29, 32, 33, 34, 35, 38, 39], "summary": {"covered_lines": 25, "num_statements": 25, "percent_covered": 100.0, "percent_covered_display": "100", "missing_lines": 0, "excluded_lines": 0}, "missing_lines": [], "excluded_lines": []}, "tests/utils/label_based_graph_test.py": {"executed_lines": [1, 2, 4, 6, 7, 8, 9, 21, 22, 23, 24, 28, 34, 36, 40, 44, 48, 49, 50, 52, 53, 55, 56, 58, 59, 61, 62, 64, 69, 70, 72, 78, 80, 81, 82, 84, 89, 91, 92, 93, 94, 96, 102, 105, 106, 107, 108, 109, 111, 112, 113, 114, 116, 120, 125, 126, 128, 129, 130, 131, 132, 135, 136, 137, 138, 139, 140, 141, 142, 143, 144, 145, 148, 152, 154, 155, 157, 159, 160, 161, 165, 167, 169, 180, 181, 182, 186, 190, 191, 193, 195, 213, 214, 215, 219, 221, 222, 223, 225, 241, 242, 243, 248, 250, 252, 253, 255, 257, 273, 274, 275, 280, 282, 284, 285, 287, 289, 307, 308, 309, 314, 316, 318, 320, 322, 327, 328, 329, 331, 332, 333, 334, 336, 337, 338, 339, 343, 345, 347], "summary": {"covered_lines": 139, "num_statements": 139, "percent_covered": 100.0, "percent_covered_display": "100", "missing_lines": 0, "excluded_lines": 0}, "missing_lines": [], "excluded_lines": []}, "tests/utils/label_based_graph_test_v2.py": {"executed_lines": [1, 2, 4, 6, 7, 8, 9, 11, 18, 19, 20, 21, 23, 27, 29, 31, 35, 39, 43, 44, 45, 47, 48, 50, 51, 53, 54, 56, 57, 58, 63, 64, 66, 72, 74, 75, 76, 78, 91, 93, 94, 95, 96, 98, 116, 119, 120, 121, 122, 123, 125, 126, 127, 128, 130, 134, 139, 140, 143, 144, 145, 146, 147, 148, 149, 151, 152, 153, 154, 155, 156, 157, 159, 160, 161, 162, 163, 164, 167, 169, 170, 174, 176, 177, 181, 183, 196, 197, 202, 203, 207, 208, 210, 230, 231, 236, 237, 240, 244, 245, 247, 249, 277, 278, 283, 284, 288, 290, 291, 293, 295, 319, 320, 325, 326, 331, 333, 335, 336, 338, 340, 364, 365, 370, 371, 376, 378, 380, 381, 383, 385, 411, 412, 417, 418, 423, 425, 427, 429, 431, 444, 445, 446, 451, 453, 454, 455, 457, 459, 460, 461, 462, 466, 468, 470], "summary": {"covered_lines": 155, "num_statements": 155, "percent_covered": 100.0, "percent_covered_display": "100", "missing_lines": 0, "excluded_lines": 0}, "missing_lines": [], "excluded_lines": []}, "tests/utils/test_module_importer.py": {"executed_lines": [1, 3, 4, 5, 10, 11, 21, 22, 23, 24, 33, 43, 44, 45, 46, 55, 63, 64, 65, 66, 74, 79, 80, 81, 82], "summary": {"covered_lines": 25, "num_statements": 25, "percent_covered": 100.0, "percent_covered_display": "100", "missing_lines": 0, "excluded_lines": 0}, "missing_lines": [], "excluded_lines": []}, "tests/utils/test_tasks.py": {"executed_lines": [1, 3, 5, 6, 12, 13, 14, 15, 17, 18, 19, 20], "summary": {"covered_lines": 12, "num_statements": 12, "percent_covered": 100.0, "percent_covered_display": "100", "missing_lines": 0, "excluded_lines": 0}, "missing_lines": [], "excluded_lines": []}, "tests/v3migration/__init__.py": {"executed_lines": [0], "summary": {"covered_lines": 0, "num_statements": 0, "percent_covered": 100.0, "percent_covered_display": "100", "missing_lines": 0, "excluded_lines": 0}, "missing_lines": [], "excluded_lines": []}, "tests/v3migration/v3_migration_cli_tests.py": {"executed_lines": [1, 2, 3, 4, 5, 6, 7, 8, 9, 10, 11, 12, 13, 14, 15, 16, 17, 18, 19, 22, 24, 25, 27, 28, 29, 31, 32, 33, 39, 40, 41, 42, 43, 45, 47, 48, 49, 50, 51, 52, 57, 60, 65, 66, 68, 69, 71, 72, 73, 74, 78, 79, 81, 86, 89, 90, 94, 95, 96, 97, 98, 100, 103, 104, 106, 107, 108, 109, 110, 111, 113, 114, 119, 120, 121, 122, 123, 127, 128, 130, 131, 136, 137, 141, 142, 146, 147, 148, 150, 156, 157, 160, 161, 164, 165, 168, 170, 176, 177, 180, 181, 184, 185, 188, 189, 190, 191, 192, 193, 194, 197, 198, 199, 202, 203, 204, 205, 206, 207, 208, 210, 212, 217, 218, 220, 221, 222, 226, 227, 230, 231], "summary": {"covered_lines": 131, "num_statements": 166, "percent_covered": 78.91566265060241, "percent_covered_display": "79", "missing_lines": 35, "excluded_lines": 0}, "missing_lines": [53, 54, 55, 61, 234, 237, 238, 241, 242, 244, 245, 249, 251, 252, 254, 255, 257, 258, 259, 261, 262, 264, 266, 267, 268, 271, 274, 277, 278, 279, 280, 281, 282, 283, 287], "excluded_lines": []}, "tests/views/__init__.py": {"executed_lines": [0], "summary": {"covered_lines": 0, "num_statements": 0, "percent_covered": 100.0, "percent_covered_display": "100", "missing_lines": 0, "excluded_lines": 0}, "missing_lines": [], "excluded_lines": []}, "tests/views/api_tests.py": {"executed_lines": [1, 19, 20, 21, 22, 23, 24, 25, 26, 28, 29, 30, 31, 37, 38, 39, 40, 41, 48, 49, 50, 51, 52, 53, 54, 55, 57, 58, 59, 60, 61, 63, 64, 65, 66, 67, 69, 70, 71, 72, 75, 80, 81, 83, 84, 85, 86, 87, 89, 90, 91, 92, 93, 95, 103, 244, 245, 246, 251, 252, 258, 259, 260, 261, 265, 269, 270, 271, 272, 281, 284, 285, 290, 291, 292, 296, 300, 301, 308, 309, 310, 316, 320, 321, 322, 323, 330, 331, 337, 343, 344, 345, 348, 349, 356, 357, 358, 364, 368, 369, 370, 371, 378, 380, 384, 385, 386, 390], "summary": {"covered_lines": 107, "num_statements": 111, "percent_covered": 96.3963963963964, "percent_covered_display": "96", "missing_lines": 4, "excluded_lines": 0}, "missing_lines": [44, 45, 46, 73], "excluded_lines": []}, "tests/views/auth_tests.py": {"executed_lines": [1, 19, 20, 21, 22, 23, 24, 25, 26, 27, 28, 30, 31, 32, 33, 34, 39, 40, 41, 42, 43, 45, 47, 48, 49, 51, 52, 53, 55, 56, 57, 59, 60, 61, 63, 69, 70, 71, 72, 73, 75, 76, 78, 84, 85, 86, 87, 88, 90, 91, 93, 99, 100, 101, 102, 103, 105, 107, 113, 115, 116, 117, 118, 120, 121, 122, 123, 125, 126, 128, 129, 134, 136, 138, 139, 141, 147, 149, 150, 152, 157, 159, 160, 170, 171, 173, 178, 180, 181, 182, 183, 193, 195, 196, 197, 199, 203, 205, 206, 208, 210, 211, 213, 215, 216, 217, 238, 244, 245, 247, 253, 254, 255, 256, 258, 259, 261, 268, 269, 270, 272, 273, 275, 281, 282, 283, 284, 285, 287, 288, 291, 292, 293, 294, 295, 297, 298, 301, 323, 324, 325, 326, 327, 329, 330, 333, 334, 335, 338, 339, 340, 341, 344, 345, 346, 349], "summary": {"covered_lines": 155, "num_statements": 156, "percent_covered": 99.35897435897436, "percent_covered_display": "99", "missing_lines": 1, "excluded_lines": 0}, "missing_lines": [350], "excluded_lines": []}, "tests/views/command_line_tests.py": {"executed_lines": [1, 19, 20, 21, 22, 23, 24, 25, 31, 32, 33, 34, 36, 37, 38, 39, 46, 48, 49, 50], "summary": {"covered_lines": 19, "num_statements": 22, "percent_covered": 86.36363636363636, "percent_covered_display": "86", "missing_lines": 3, "excluded_lines": 0}, "missing_lines": [42, 43, 44], "excluded_lines": []}, "tests/views/concept_tests.py": {"executed_lines": [1, 2, 4, 10, 11, 12, 13, 15, 16, 17, 19], "summary": {"covered_lines": 11, "num_statements": 11, "percent_covered": 100.0, "percent_covered_display": "100", "missing_lines": 0, "excluded_lines": 0}, "missing_lines": [], "excluded_lines": []}, "tests/views/graph_manager_tests.py": {"executed_lines": [1, 19, 20, 21, 22, 23, 24, 25, 26, 27, 28, 29, 30, 36, 37, 38, 39, 41, 43, 44, 46, 48, 62, 64, 77, 80, 94, 96, 102, 104, 118, 120, 149, 150, 152, 161, 163, 164, 165, 166, 167, 168, 169, 170, 171, 172, 173, 175, 176, 177, 178, 179, 180, 183, 186, 188, 189, 190, 192, 193, 195, 196, 197, 198, 199, 201, 206, 207, 208, 209, 210, 212, 213, 214, 216, 217, 219, 220, 222, 226, 227, 228, 229, 230, 232, 233, 234, 235, 236, 237, 238, 239, 241, 242, 243, 245, 250, 251, 252, 253, 254, 255, 256, 257, 258, 259, 260, 262, 263, 264, 265, 266, 267, 268, 270, 272, 273, 275, 280, 281, 282, 283, 284, 285, 287, 288, 289, 291, 296, 297, 298, 299, 300, 301, 302, 304, 309, 310, 311, 312, 313, 314, 315, 316, 318, 323, 324, 325, 327, 328, 329, 330, 332, 338, 339, 340, 341, 342, 343, 344, 345, 347, 353, 354, 355, 356, 357, 361, 362, 363, 364], "summary": {"covered_lines": 170, "num_statements": 170, "percent_covered": 100.0, "percent_covered_display": "100", "missing_lines": 0, "excluded_lines": 0}, "missing_lines": [], "excluded_lines": []}, "tests/views/resource_tests.py": {"executed_lines": [1, 19, 20, 21, 22, 23, 24, 25, 26, 27, 28, 29, 30, 36, 37, 48, 49, 51, 52, 53, 56, 57, 58, 59, 60, 61, 62, 63, 64, 66, 67, 68, 70, 71, 72, 73, 75, 82, 83, 85, 90, 92, 103, 104, 105, 106, 107, 108, 109, 110, 112, 117, 119, 130, 131, 132, 133, 134, 135, 136, 137, 138, 140, 145, 146, 147, 148, 149, 150, 151, 152, 154, 159, 160, 161, 162, 163, 164, 165, 166, 168, 173, 174, 175, 176, 177, 178, 179, 180, 182, 187, 188, 189, 190, 191, 192, 193, 194, 195, 196, 197, 198, 199, 200, 201, 202, 203, 205, 210, 211, 212, 213, 214, 215, 216, 218, 223, 224, 225, 226, 227, 228, 229, 231, 236, 237, 238, 239, 240, 241, 242, 244, 250, 251, 252, 253, 254, 255, 256], "summary": {"covered_lines": 138, "num_statements": 141, "percent_covered": 97.87234042553192, "percent_covered_display": "98", "missing_lines": 3, "excluded_lines": 0}, "missing_lines": [78, 79, 80], "excluded_lines": []}, "tests/views/search_tests.py": {"executed_lines": [1, 19, 20, 21, 22, 23, 24, 25, 26, 27, 28, 29, 30, 31, 32, 33, 34, 35, 41, 42, 43, 44, 46, 47, 48, 49, 51, 52, 54, 55, 56, 57, 58, 60, 61, 62, 63, 64, 65, 66, 68, 69, 71, 72, 75, 98, 99, 100, 103, 104, 105, 108, 109, 110, 111, 114, 115, 116, 117, 118, 119, 123, 124, 127, 128, 129, 130, 131, 132, 135, 136, 140, 141, 145, 146, 147, 150, 152, 153, 154, 155, 156, 157, 159, 165, 166, 167, 168, 173, 179, 180, 181, 182, 186, 192, 198, 199, 200, 202, 208, 214, 215, 217, 223, 224, 225, 226, 230, 236, 237, 238, 239, 244, 250, 251, 252, 254, 260, 261, 262, 263, 268, 274, 275, 276, 277, 282, 288, 289, 290, 292, 298, 299, 300, 301, 303, 309, 310, 313, 314, 315, 317, 323, 324, 327, 328, 330, 336, 339, 340, 341, 343, 349, 352, 353, 354, 358, 364, 367, 368, 369, 371, 377, 380, 381, 382, 387, 393, 404, 405, 406, 410, 416, 419, 420, 421, 423, 429, 440, 441, 442, 444, 450, 461, 462, 468, 474, 475, 476, 477, 481, 487, 488, 489, 490, 493, 494, 497, 498, 499, 500, 501, 502, 503, 504, 505, 506, 507, 508, 509, 510, 511], "summary": {"covered_lines": 211, "num_statements": 211, "percent_covered": 100.0, "percent_covered_display": "100", "missing_lines": 0, "excluded_lines": 0}, "missing_lines": [], "excluded_lines": []}, "tests/views/workflow_tests.py": {"executed_lines": [1, 2, 4, 5, 6, 8, 9, 15, 16, 17, 18, 19, 20, 21, 22, 23, 24, 26, 27, 28, 67, 68, 69, 71, 72, 74, 75, 76, 77, 79, 80, 82, 83, 85, 86, 88, 90, 129, 130, 131, 137, 138, 140, 141, 147, 150, 151, 152, 154, 155, 157, 163, 165, 166, 168, 169, 170, 171, 173, 174, 180], "summary": {"covered_lines": 61, "num_statements": 61, "percent_covered": 100.0, "percent_covered_display": "100", "missing_lines": 0, "excluded_lines": 0}, "missing_lines": [], "excluded_lines": []}}, "totals": {"covered_lines": 16871, "num_statements": 25481, "percent_covered": 66.2101173423335, "percent_covered_display": "66", "missing_lines": 8610, "excluded_lines": 8}}